2020-05-12 19:20:28.320  INFO 18604 --- [restartedMain] com.yuyiyun.YYdata.YYdataApp             : Starting YYdataApp on DuHao with PID 18604 (D:\work\Code\java\YunYiData\target\classes started by duhao in D:\work\Code\java\YunYiData)
2020-05-12 19:20:28.325  INFO 18604 --- [restartedMain] com.yuyiyun.YYdata.YYdataApp             : The following profiles are active: dev
2020-05-12 19:20:28.397  INFO 18604 --- [restartedMain] .e.DevToolsPropertyDefaultsPostProcessor : Devtools property defaults active! Set 'spring.devtools.add-properties' to 'false' to disable
2020-05-12 19:20:28.397  INFO 18604 --- [restartedMain] .e.DevToolsPropertyDefaultsPostProcessor : For additional web related logging consider setting the 'logging.level.web' property to 'DEBUG'
2020-05-12 19:20:29.616  INFO 18604 --- [restartedMain] trationDelegate$BeanPostProcessorChecker : Bean 'shiroConfig' of type [com.yuyiyun.YYdata.config.web.ShiroConfig$$EnhancerBySpringCGLIB$$bdd2fdb5] is not eligible for getting processed by all BeanPostProcessors (for example: not eligible for auto-proxying)
2020-05-12 19:20:29.656  INFO 18604 --- [restartedMain] trationDelegate$BeanPostProcessorChecker : Bean 'rememberMeCookie' of type [org.apache.shiro.web.servlet.SimpleCookie] is not eligible for getting processed by all BeanPostProcessors (for example: not eligible for auto-proxying)
2020-05-12 19:20:30.243  INFO 18604 --- [restartedMain] trationDelegate$BeanPostProcessorChecker : Bean 'rememberMeManager' of type [org.apache.shiro.web.mgt.CookieRememberMeManager] is not eligible for getting processed by all BeanPostProcessors (for example: not eligible for auto-proxying)
2020-05-12 19:20:30.245  INFO 18604 --- [restartedMain] trationDelegate$BeanPostProcessorChecker : Bean 'ehCacheConfig' of type [com.yuyiyun.YYdata.config.EhCacheConfig$$EnhancerBySpringCGLIB$$355dc73d] is not eligible for getting processed by all BeanPostProcessors (for example: not eligible for auto-proxying)
2020-05-12 19:20:30.249  INFO 18604 --- [restartedMain] o.s.c.ehcache.EhCacheManagerFactoryBean  : Initializing EhCache CacheManager
2020-05-12 19:20:30.370  INFO 18604 --- [restartedMain] trationDelegate$BeanPostProcessorChecker : Bean 'ehcache' of type [org.springframework.cache.ehcache.EhCacheManagerFactoryBean] is not eligible for getting processed by all BeanPostProcessors (for example: not eligible for auto-proxying)
2020-05-12 19:20:30.373  INFO 18604 --- [restartedMain] trationDelegate$BeanPostProcessorChecker : Bean 'getCacheShiroManager' of type [org.apache.shiro.cache.ehcache.EhCacheManager] is not eligible for getting processed by all BeanPostProcessors (for example: not eligible for auto-proxying)
2020-05-12 19:20:30.389  INFO 18604 --- [restartedMain] trationDelegate$BeanPostProcessorChecker : Bean 'YYdataProperties' of type [com.yuyiyun.YYdata.config.properties.YYdataProperties] is not eligible for getting processed by all BeanPostProcessors (for example: not eligible for auto-proxying)
2020-05-12 19:20:30.392  INFO 18604 --- [restartedMain] trationDelegate$BeanPostProcessorChecker : Bean 'defaultWebSessionManager' of type [org.apache.shiro.web.session.mgt.DefaultWebSessionManager] is not eligible for getting processed by all BeanPostProcessors (for example: not eligible for auto-proxying)
2020-05-12 19:20:30.402  INFO 18604 --- [restartedMain] trationDelegate$BeanPostProcessorChecker : Bean 'shiroDbRealm' of type [com.yuyiyun.YYdata.core.shiro.ShiroDbRealm] is not eligible for getting processed by all BeanPostProcessors (for example: not eligible for auto-proxying)
2020-05-12 19:20:30.402  INFO 18604 --- [restartedMain] o.a.shiro.cache.ehcache.EhCacheManager   : Cache with name 'com.yuyiyun.YYdata.core.shiro.ShiroDbRealm.authorizationCache' does not yet exist.  Creating now.
2020-05-12 19:20:30.410  INFO 18604 --- [restartedMain] o.a.shiro.cache.ehcache.EhCacheManager   : Added EhCache named [com.yuyiyun.YYdata.core.shiro.ShiroDbRealm.authorizationCache]
2020-05-12 19:20:30.411  INFO 18604 --- [restartedMain] trationDelegate$BeanPostProcessorChecker : Bean 'securityManager' of type [org.apache.shiro.web.mgt.DefaultWebSecurityManager] is not eligible for getting processed by all BeanPostProcessors (for example: not eligible for auto-proxying)
2020-05-12 19:20:30.413  INFO 18604 --- [restartedMain] trationDelegate$BeanPostProcessorChecker : Bean 'methodInvokingFactoryBean' of type [org.springframework.beans.factory.config.MethodInvokingFactoryBean] is not eligible for getting processed by all BeanPostProcessors (for example: not eligible for auto-proxying)
2020-05-12 19:20:30.425  INFO 18604 --- [restartedMain] trationDelegate$BeanPostProcessorChecker : Bean 'webConfig' of type [com.yuyiyun.YYdata.config.web.WebConfig$$EnhancerBySpringCGLIB$$c432d878] is not eligible for getting processed by all BeanPostProcessors (for example: not eligible for auto-proxying)
2020-05-12 19:20:30.457  INFO 18604 --- [restartedMain] trationDelegate$BeanPostProcessorChecker : Bean 'authorizationAttributeSourceAdvisor' of type [org.apache.shiro.spring.security.interceptor.AuthorizationAttributeSourceAdvisor] is not eligible for getting processed by all BeanPostProcessors (for example: not eligible for auto-proxying)
2020-05-12 19:20:30.461  INFO 18604 --- [restartedMain] trationDelegate$BeanPostProcessorChecker : Bean 'druidStatPointcut' of type [org.springframework.aop.support.JdkRegexpMethodPointcut] is not eligible for getting processed by all BeanPostProcessors (for example: not eligible for auto-proxying)
2020-05-12 19:20:30.466  INFO 18604 --- [restartedMain] trationDelegate$BeanPostProcessorChecker : Bean 'druidStatInterceptor' of type [com.alibaba.druid.support.spring.stat.DruidStatInterceptor] is not eligible for getting processed by all BeanPostProcessors (for example: not eligible for auto-proxying)
2020-05-12 19:20:30.467  INFO 18604 --- [restartedMain] trationDelegate$BeanPostProcessorChecker : Bean 'druidStatAdvisor' of type [org.springframework.aop.support.DefaultPointcutAdvisor] is not eligible for getting processed by all BeanPostProcessors (for example: not eligible for auto-proxying)
2020-05-12 19:20:30.497  INFO 18604 --- [restartedMain] trationDelegate$BeanPostProcessorChecker : Bean 'org.springframework.transaction.annotation.ProxyTransactionManagementConfiguration' of type [org.springframework.transaction.annotation.ProxyTransactionManagementConfiguration] is not eligible for getting processed by all BeanPostProcessors (for example: not eligible for auto-proxying)
2020-05-12 19:20:30.976  INFO 18604 --- [restartedMain] o.s.b.w.embedded.tomcat.TomcatWebServer  : Tomcat initialized with port(s): 8091 (http)
2020-05-12 19:20:30.985  INFO 18604 --- [restartedMain] o.apache.catalina.core.StandardService   : Starting service [Tomcat]
2020-05-12 19:20:30.986  INFO 18604 --- [restartedMain] org.apache.catalina.core.StandardEngine  : Starting Servlet engine: [Apache Tomcat/9.0.27]
2020-05-12 19:20:31.068  INFO 18604 --- [restartedMain] o.a.c.c.C.[Tomcat].[localhost].[/]       : Initializing Spring embedded WebApplicationContext
2020-05-12 19:20:31.069  INFO 18604 --- [restartedMain] o.s.web.context.ContextLoader            : Root WebApplicationContext: initialization completed in 2669 ms
2020-05-12 19:20:31.447  INFO 18604 --- [restartedMain] o.s.s.concurrent.ThreadPoolTaskExecutor  : Initializing ExecutorService 'applicationTaskExecutor'
2020-05-12 19:20:31.586  INFO 18604 --- [restartedMain] o.s.b.d.a.OptionalLiveReloadServer       : LiveReload server is running on port 35729
2020-05-12 19:20:31.978  INFO 18604 --- [restartedMain] com.alibaba.druid.pool.DruidDataSource   : {dataSource-1} inited
2020-05-12 19:20:33.557  INFO 18604 --- [restartedMain] pertySourcedRequestMappingHandlerMapping : Mapped URL path [/v2/api-docs] onto method [springfox.documentation.swagger2.web.Swagger2Controller#getDocumentation(String, HttpServletRequest)]
2020-05-12 19:20:33.758  INFO 18604 --- [restartedMain] org.quartz.impl.StdSchedulerFactory      : Using default implementation for ThreadExecutor
2020-05-12 19:20:33.770  INFO 18604 --- [restartedMain] org.quartz.core.SchedulerSignalerImpl    : Initialized Scheduler Signaller of type: class org.quartz.core.SchedulerSignalerImpl
2020-05-12 19:20:33.771  INFO 18604 --- [restartedMain] org.quartz.core.QuartzScheduler          : Quartz Scheduler v.2.3.1 created.
2020-05-12 19:20:33.771  INFO 18604 --- [restartedMain] org.quartz.simpl.RAMJobStore             : RAMJobStore initialized.
2020-05-12 19:20:33.772  INFO 18604 --- [restartedMain] org.quartz.core.QuartzScheduler          : Scheduler meta-data: Quartz Scheduler (v2.3.1) 'quartzScheduler' with instanceId 'NON_CLUSTERED'
  Scheduler class: 'org.quartz.core.QuartzScheduler' - running locally.
  NOT STARTED.
  Currently in standby mode.
  Number of jobs executed: 0
  Using thread pool 'org.quartz.simpl.SimpleThreadPool' - with 10 threads.
  Using job-store 'org.quartz.simpl.RAMJobStore' - which does not support persistence. and is not clustered.

2020-05-12 19:20:33.772  INFO 18604 --- [restartedMain] org.quartz.impl.StdSchedulerFactory      : Quartz scheduler 'quartzScheduler' initialized from an externally provided properties instance.
2020-05-12 19:20:33.772  INFO 18604 --- [restartedMain] org.quartz.impl.StdSchedulerFactory      : Quartz scheduler version: 2.3.1
2020-05-12 19:20:33.772  INFO 18604 --- [restartedMain] org.quartz.core.QuartzScheduler          : JobFactory set to: org.springframework.scheduling.quartz.SpringBeanJobFactory@69539a04
2020-05-12 19:20:33.787  INFO 18604 --- [restartedMain] o.s.s.c.ThreadPoolTaskScheduler          : Initializing ExecutorService 'taskScheduler'
2020-05-12 19:20:33.837  INFO 18604 --- [restartedMain] d.s.w.p.DocumentationPluginsBootstrapper : Context refreshed
2020-05-12 19:20:33.859  INFO 18604 --- [restartedMain] d.s.w.p.DocumentationPluginsBootstrapper : Found 1 custom documentation plugin(s)
2020-05-12 19:20:33.888  INFO 18604 --- [restartedMain] s.d.s.w.s.ApiListingReferenceScanner     : Scanning for api listing references
2020-05-12 19:20:33.968  WARN 18604 --- [restartedMain] s.d.s.w.r.p.ParameterDataTypeReader      : Trying to infer dataType java.lang.String[]
2020-05-12 19:20:34.011  WARN 18604 --- [restartedMain] s.d.s.w.r.p.ParameterDataTypeReader      : Trying to infer dataType java.lang.String[]
2020-05-12 19:20:34.013  INFO 18604 --- [restartedMain] .d.s.w.r.o.CachingOperationNameGenerator : Generating unique operation named: getValuesByApiUsingPOST_1
2020-05-12 19:20:34.048  INFO 18604 --- [restartedMain] .d.s.w.r.o.CachingOperationNameGenerator : Generating unique operation named: addByApiUsingPOST_1
2020-05-12 19:20:34.064  WARN 18604 --- [restartedMain] s.d.s.w.r.p.ParameterDataTypeReader      : Trying to infer dataType java.lang.String[]
2020-05-12 19:20:34.069  INFO 18604 --- [restartedMain] .d.s.w.r.o.CachingOperationNameGenerator : Generating unique operation named: detailByApiUsingGET_1
2020-05-12 19:20:34.080  INFO 18604 --- [restartedMain] .d.s.w.r.o.CachingOperationNameGenerator : Generating unique operation named: addByApiUsingPOST_2
2020-05-12 19:20:34.089  INFO 18604 --- [restartedMain] o.s.s.quartz.SchedulerFactoryBean        : Starting Quartz Scheduler now
2020-05-12 19:20:34.090  INFO 18604 --- [restartedMain] org.quartz.core.QuartzScheduler          : Scheduler quartzScheduler_$_NON_CLUSTERED started.
2020-05-12 19:20:34.118  INFO 18604 --- [restartedMain] o.s.b.w.embedded.tomcat.TomcatWebServer  : Tomcat started on port(s): 8091 (http) with context path ''
2020-05-12 19:20:34.121  INFO 18604 --- [restartedMain] com.yuyiyun.YYdata.YYdataApp             : Started YYdataApp in 6.299 seconds (JVM running for 6.854)
2020-05-12 19:20:34.123  INFO 18604 --- [restartedMain] com.yuyiyun.YYdata.YYdataApp             : YYdataApp is success!
2020-05-12 19:20:42.517  INFO 18604 --- [http-nio-8091-exec-1] o.a.c.c.C.[Tomcat].[localhost].[/]       : Initializing Spring DispatcherServlet 'dispatcherServlet'
2020-05-12 19:20:42.518  INFO 18604 --- [http-nio-8091-exec-1] o.s.web.servlet.DispatcherServlet        : Initializing Servlet 'dispatcherServlet'
2020-05-12 19:20:42.536  INFO 18604 --- [http-nio-8091-exec-1] o.s.web.servlet.DispatcherServlet        : Completed initialization in 18 ms
2020-05-12 19:20:42.552  INFO 18604 --- [http-nio-8091-exec-1] a.s.s.m.AbstractValidatingSessionManager : Enabling session validation scheduler...
2020-05-12 19:28:34.845  INFO 16364 --- [restartedMain] com.yuyiyun.YYdata.YYdataApp             : Starting YYdataApp on DuHao with PID 16364 (D:\work\Code\java\YunYiData\target\classes started by duhao in D:\work\Code\java\YunYiData)
2020-05-12 19:28:34.847  INFO 16364 --- [restartedMain] com.yuyiyun.YYdata.YYdataApp             : The following profiles are active: dev
2020-05-12 19:28:34.916  INFO 16364 --- [restartedMain] .e.DevToolsPropertyDefaultsPostProcessor : Devtools property defaults active! Set 'spring.devtools.add-properties' to 'false' to disable
2020-05-12 19:28:34.916  INFO 16364 --- [restartedMain] .e.DevToolsPropertyDefaultsPostProcessor : For additional web related logging consider setting the 'logging.level.web' property to 'DEBUG'
2020-05-12 19:28:36.130  INFO 16364 --- [restartedMain] trationDelegate$BeanPostProcessorChecker : Bean 'shiroConfig' of type [com.yuyiyun.YYdata.config.web.ShiroConfig$$EnhancerBySpringCGLIB$$163e79e] is not eligible for getting processed by all BeanPostProcessors (for example: not eligible for auto-proxying)
2020-05-12 19:28:36.170  INFO 16364 --- [restartedMain] trationDelegate$BeanPostProcessorChecker : Bean 'rememberMeCookie' of type [org.apache.shiro.web.servlet.SimpleCookie] is not eligible for getting processed by all BeanPostProcessors (for example: not eligible for auto-proxying)
2020-05-12 19:28:36.841  INFO 16364 --- [restartedMain] trationDelegate$BeanPostProcessorChecker : Bean 'rememberMeManager' of type [org.apache.shiro.web.mgt.CookieRememberMeManager] is not eligible for getting processed by all BeanPostProcessors (for example: not eligible for auto-proxying)
2020-05-12 19:28:36.843  INFO 16364 --- [restartedMain] trationDelegate$BeanPostProcessorChecker : Bean 'ehCacheConfig' of type [com.yuyiyun.YYdata.config.EhCacheConfig$$EnhancerBySpringCGLIB$$78eeb126] is not eligible for getting processed by all BeanPostProcessors (for example: not eligible for auto-proxying)
2020-05-12 19:28:36.847  INFO 16364 --- [restartedMain] o.s.c.ehcache.EhCacheManagerFactoryBean  : Initializing EhCache CacheManager
2020-05-12 19:28:36.965  INFO 16364 --- [restartedMain] trationDelegate$BeanPostProcessorChecker : Bean 'ehcache' of type [org.springframework.cache.ehcache.EhCacheManagerFactoryBean] is not eligible for getting processed by all BeanPostProcessors (for example: not eligible for auto-proxying)
2020-05-12 19:28:36.968  INFO 16364 --- [restartedMain] trationDelegate$BeanPostProcessorChecker : Bean 'getCacheShiroManager' of type [org.apache.shiro.cache.ehcache.EhCacheManager] is not eligible for getting processed by all BeanPostProcessors (for example: not eligible for auto-proxying)
2020-05-12 19:28:36.982  INFO 16364 --- [restartedMain] trationDelegate$BeanPostProcessorChecker : Bean 'YYdataProperties' of type [com.yuyiyun.YYdata.config.properties.YYdataProperties] is not eligible for getting processed by all BeanPostProcessors (for example: not eligible for auto-proxying)
2020-05-12 19:28:36.985  INFO 16364 --- [restartedMain] trationDelegate$BeanPostProcessorChecker : Bean 'defaultWebSessionManager' of type [org.apache.shiro.web.session.mgt.DefaultWebSessionManager] is not eligible for getting processed by all BeanPostProcessors (for example: not eligible for auto-proxying)
2020-05-12 19:28:36.996  INFO 16364 --- [restartedMain] trationDelegate$BeanPostProcessorChecker : Bean 'shiroDbRealm' of type [com.yuyiyun.YYdata.core.shiro.ShiroDbRealm] is not eligible for getting processed by all BeanPostProcessors (for example: not eligible for auto-proxying)
2020-05-12 19:28:36.997  INFO 16364 --- [restartedMain] o.a.shiro.cache.ehcache.EhCacheManager   : Cache with name 'com.yuyiyun.YYdata.core.shiro.ShiroDbRealm.authorizationCache' does not yet exist.  Creating now.
2020-05-12 19:28:37.005  INFO 16364 --- [restartedMain] o.a.shiro.cache.ehcache.EhCacheManager   : Added EhCache named [com.yuyiyun.YYdata.core.shiro.ShiroDbRealm.authorizationCache]
2020-05-12 19:28:37.007  INFO 16364 --- [restartedMain] trationDelegate$BeanPostProcessorChecker : Bean 'securityManager' of type [org.apache.shiro.web.mgt.DefaultWebSecurityManager] is not eligible for getting processed by all BeanPostProcessors (for example: not eligible for auto-proxying)
2020-05-12 19:28:37.009  INFO 16364 --- [restartedMain] trationDelegate$BeanPostProcessorChecker : Bean 'methodInvokingFactoryBean' of type [org.springframework.beans.factory.config.MethodInvokingFactoryBean] is not eligible for getting processed by all BeanPostProcessors (for example: not eligible for auto-proxying)
2020-05-12 19:28:37.020  INFO 16364 --- [restartedMain] trationDelegate$BeanPostProcessorChecker : Bean 'webConfig' of type [com.yuyiyun.YYdata.config.web.WebConfig$$EnhancerBySpringCGLIB$$7c3c261] is not eligible for getting processed by all BeanPostProcessors (for example: not eligible for auto-proxying)
2020-05-12 19:28:37.052  INFO 16364 --- [restartedMain] trationDelegate$BeanPostProcessorChecker : Bean 'authorizationAttributeSourceAdvisor' of type [org.apache.shiro.spring.security.interceptor.AuthorizationAttributeSourceAdvisor] is not eligible for getting processed by all BeanPostProcessors (for example: not eligible for auto-proxying)
2020-05-12 19:28:37.057  INFO 16364 --- [restartedMain] trationDelegate$BeanPostProcessorChecker : Bean 'druidStatPointcut' of type [org.springframework.aop.support.JdkRegexpMethodPointcut] is not eligible for getting processed by all BeanPostProcessors (for example: not eligible for auto-proxying)
2020-05-12 19:28:37.061  INFO 16364 --- [restartedMain] trationDelegate$BeanPostProcessorChecker : Bean 'druidStatInterceptor' of type [com.alibaba.druid.support.spring.stat.DruidStatInterceptor] is not eligible for getting processed by all BeanPostProcessors (for example: not eligible for auto-proxying)
2020-05-12 19:28:37.062  INFO 16364 --- [restartedMain] trationDelegate$BeanPostProcessorChecker : Bean 'druidStatAdvisor' of type [org.springframework.aop.support.DefaultPointcutAdvisor] is not eligible for getting processed by all BeanPostProcessors (for example: not eligible for auto-proxying)
2020-05-12 19:28:37.087  INFO 16364 --- [restartedMain] trationDelegate$BeanPostProcessorChecker : Bean 'org.springframework.transaction.annotation.ProxyTransactionManagementConfiguration' of type [org.springframework.transaction.annotation.ProxyTransactionManagementConfiguration] is not eligible for getting processed by all BeanPostProcessors (for example: not eligible for auto-proxying)
2020-05-12 19:28:37.561  INFO 16364 --- [restartedMain] o.s.b.w.embedded.tomcat.TomcatWebServer  : Tomcat initialized with port(s): 8091 (http)
2020-05-12 19:28:37.571  INFO 16364 --- [restartedMain] o.apache.catalina.core.StandardService   : Starting service [Tomcat]
2020-05-12 19:28:37.571  INFO 16364 --- [restartedMain] org.apache.catalina.core.StandardEngine  : Starting Servlet engine: [Apache Tomcat/9.0.27]
2020-05-12 19:28:37.653  INFO 16364 --- [restartedMain] o.a.c.c.C.[Tomcat].[localhost].[/]       : Initializing Spring embedded WebApplicationContext
2020-05-12 19:28:37.653  INFO 16364 --- [restartedMain] o.s.web.context.ContextLoader            : Root WebApplicationContext: initialization completed in 2736 ms
2020-05-12 19:28:38.036  INFO 16364 --- [restartedMain] o.s.s.concurrent.ThreadPoolTaskExecutor  : Initializing ExecutorService 'applicationTaskExecutor'
2020-05-12 19:28:38.159  INFO 16364 --- [restartedMain] o.s.b.d.a.OptionalLiveReloadServer       : LiveReload server is running on port 35729
2020-05-12 19:28:38.553  INFO 16364 --- [restartedMain] com.alibaba.druid.pool.DruidDataSource   : {dataSource-1} inited
2020-05-12 19:28:40.156  INFO 16364 --- [restartedMain] pertySourcedRequestMappingHandlerMapping : Mapped URL path [/v2/api-docs] onto method [springfox.documentation.swagger2.web.Swagger2Controller#getDocumentation(String, HttpServletRequest)]
2020-05-12 19:28:40.368  INFO 16364 --- [restartedMain] org.quartz.impl.StdSchedulerFactory      : Using default implementation for ThreadExecutor
2020-05-12 19:28:40.381  INFO 16364 --- [restartedMain] org.quartz.core.SchedulerSignalerImpl    : Initialized Scheduler Signaller of type: class org.quartz.core.SchedulerSignalerImpl
2020-05-12 19:28:40.381  INFO 16364 --- [restartedMain] org.quartz.core.QuartzScheduler          : Quartz Scheduler v.2.3.1 created.
2020-05-12 19:28:40.382  INFO 16364 --- [restartedMain] org.quartz.simpl.RAMJobStore             : RAMJobStore initialized.
2020-05-12 19:28:40.382  INFO 16364 --- [restartedMain] org.quartz.core.QuartzScheduler          : Scheduler meta-data: Quartz Scheduler (v2.3.1) 'quartzScheduler' with instanceId 'NON_CLUSTERED'
  Scheduler class: 'org.quartz.core.QuartzScheduler' - running locally.
  NOT STARTED.
  Currently in standby mode.
  Number of jobs executed: 0
  Using thread pool 'org.quartz.simpl.SimpleThreadPool' - with 10 threads.
  Using job-store 'org.quartz.simpl.RAMJobStore' - which does not support persistence. and is not clustered.

2020-05-12 19:28:40.383  INFO 16364 --- [restartedMain] org.quartz.impl.StdSchedulerFactory      : Quartz scheduler 'quartzScheduler' initialized from an externally provided properties instance.
2020-05-12 19:28:40.383  INFO 16364 --- [restartedMain] org.quartz.impl.StdSchedulerFactory      : Quartz scheduler version: 2.3.1
2020-05-12 19:28:40.383  INFO 16364 --- [restartedMain] org.quartz.core.QuartzScheduler          : JobFactory set to: org.springframework.scheduling.quartz.SpringBeanJobFactory@81c3398
2020-05-12 19:28:40.400  INFO 16364 --- [restartedMain] o.s.s.c.ThreadPoolTaskScheduler          : Initializing ExecutorService 'taskScheduler'
2020-05-12 19:28:40.458  INFO 16364 --- [restartedMain] d.s.w.p.DocumentationPluginsBootstrapper : Context refreshed
2020-05-12 19:28:40.478  INFO 16364 --- [restartedMain] d.s.w.p.DocumentationPluginsBootstrapper : Found 1 custom documentation plugin(s)
2020-05-12 19:28:40.510  INFO 16364 --- [restartedMain] s.d.s.w.s.ApiListingReferenceScanner     : Scanning for api listing references
2020-05-12 19:28:40.590  WARN 16364 --- [restartedMain] s.d.s.w.r.p.ParameterDataTypeReader      : Trying to infer dataType java.lang.String[]
2020-05-12 19:28:40.632  WARN 16364 --- [restartedMain] s.d.s.w.r.p.ParameterDataTypeReader      : Trying to infer dataType java.lang.String[]
2020-05-12 19:28:40.634  INFO 16364 --- [restartedMain] .d.s.w.r.o.CachingOperationNameGenerator : Generating unique operation named: getValuesByApiUsingPOST_1
2020-05-12 19:28:40.670  INFO 16364 --- [restartedMain] .d.s.w.r.o.CachingOperationNameGenerator : Generating unique operation named: addByApiUsingPOST_1
2020-05-12 19:28:40.686  WARN 16364 --- [restartedMain] s.d.s.w.r.p.ParameterDataTypeReader      : Trying to infer dataType java.lang.String[]
2020-05-12 19:28:40.690  INFO 16364 --- [restartedMain] .d.s.w.r.o.CachingOperationNameGenerator : Generating unique operation named: detailByApiUsingGET_1
2020-05-12 19:28:40.701  INFO 16364 --- [restartedMain] .d.s.w.r.o.CachingOperationNameGenerator : Generating unique operation named: addByApiUsingPOST_2
2020-05-12 19:28:40.709  INFO 16364 --- [restartedMain] o.s.s.quartz.SchedulerFactoryBean        : Starting Quartz Scheduler now
2020-05-12 19:28:40.709  INFO 16364 --- [restartedMain] org.quartz.core.QuartzScheduler          : Scheduler quartzScheduler_$_NON_CLUSTERED started.
2020-05-12 19:28:40.740  INFO 16364 --- [restartedMain] o.s.b.w.embedded.tomcat.TomcatWebServer  : Tomcat started on port(s): 8091 (http) with context path ''
2020-05-12 19:28:40.742  INFO 16364 --- [restartedMain] com.yuyiyun.YYdata.YYdataApp             : Started YYdataApp in 6.302 seconds (JVM running for 6.734)
2020-05-12 19:28:40.745  INFO 16364 --- [restartedMain] com.yuyiyun.YYdata.YYdataApp             : YYdataApp is success!
2020-05-12 19:28:44.424  INFO 16364 --- [http-nio-8091-exec-1] o.a.c.c.C.[Tomcat].[localhost].[/]       : Initializing Spring DispatcherServlet 'dispatcherServlet'
2020-05-12 19:28:44.424  INFO 16364 --- [http-nio-8091-exec-1] o.s.web.servlet.DispatcherServlet        : Initializing Servlet 'dispatcherServlet'
2020-05-12 19:28:44.447  INFO 16364 --- [http-nio-8091-exec-1] o.s.web.servlet.DispatcherServlet        : Completed initialization in 22 ms
2020-05-12 19:28:44.465  INFO 16364 --- [http-nio-8091-exec-1] a.s.s.m.AbstractValidatingSessionManager : Enabling session validation scheduler...
2020-05-12 19:40:52.210  INFO 17848 --- [restartedMain] com.yuyiyun.YYdata.YYdataApp             : Starting YYdataApp on DuHao with PID 17848 (D:\work\Code\java\YunYiData\target\classes started by duhao in D:\work\Code\java\YunYiData)
2020-05-12 19:40:52.213  INFO 17848 --- [restartedMain] com.yuyiyun.YYdata.YYdataApp             : The following profiles are active: dev
2020-05-12 19:40:52.279  INFO 17848 --- [restartedMain] .e.DevToolsPropertyDefaultsPostProcessor : Devtools property defaults active! Set 'spring.devtools.add-properties' to 'false' to disable
2020-05-12 19:40:52.280  INFO 17848 --- [restartedMain] .e.DevToolsPropertyDefaultsPostProcessor : For additional web related logging consider setting the 'logging.level.web' property to 'DEBUG'
2020-05-12 19:40:53.453  INFO 17848 --- [restartedMain] trationDelegate$BeanPostProcessorChecker : Bean 'shiroConfig' of type [com.yuyiyun.YYdata.config.web.ShiroConfig$$EnhancerBySpringCGLIB$$b57ab282] is not eligible for getting processed by all BeanPostProcessors (for example: not eligible for auto-proxying)
2020-05-12 19:40:53.495  INFO 17848 --- [restartedMain] trationDelegate$BeanPostProcessorChecker : Bean 'rememberMeCookie' of type [org.apache.shiro.web.servlet.SimpleCookie] is not eligible for getting processed by all BeanPostProcessors (for example: not eligible for auto-proxying)
2020-05-12 19:40:54.176  INFO 17848 --- [restartedMain] trationDelegate$BeanPostProcessorChecker : Bean 'rememberMeManager' of type [org.apache.shiro.web.mgt.CookieRememberMeManager] is not eligible for getting processed by all BeanPostProcessors (for example: not eligible for auto-proxying)
2020-05-12 19:40:54.179  INFO 17848 --- [restartedMain] trationDelegate$BeanPostProcessorChecker : Bean 'ehCacheConfig' of type [com.yuyiyun.YYdata.config.EhCacheConfig$$EnhancerBySpringCGLIB$$2d057c0a] is not eligible for getting processed by all BeanPostProcessors (for example: not eligible for auto-proxying)
2020-05-12 19:40:54.183  INFO 17848 --- [restartedMain] o.s.c.ehcache.EhCacheManagerFactoryBean  : Initializing EhCache CacheManager
2020-05-12 19:40:54.312  INFO 17848 --- [restartedMain] trationDelegate$BeanPostProcessorChecker : Bean 'ehcache' of type [org.springframework.cache.ehcache.EhCacheManagerFactoryBean] is not eligible for getting processed by all BeanPostProcessors (for example: not eligible for auto-proxying)
2020-05-12 19:40:54.314  INFO 17848 --- [restartedMain] trationDelegate$BeanPostProcessorChecker : Bean 'getCacheShiroManager' of type [org.apache.shiro.cache.ehcache.EhCacheManager] is not eligible for getting processed by all BeanPostProcessors (for example: not eligible for auto-proxying)
2020-05-12 19:40:54.331  INFO 17848 --- [restartedMain] trationDelegate$BeanPostProcessorChecker : Bean 'YYdataProperties' of type [com.yuyiyun.YYdata.config.properties.YYdataProperties] is not eligible for getting processed by all BeanPostProcessors (for example: not eligible for auto-proxying)
2020-05-12 19:40:54.334  INFO 17848 --- [restartedMain] trationDelegate$BeanPostProcessorChecker : Bean 'defaultWebSessionManager' of type [org.apache.shiro.web.session.mgt.DefaultWebSessionManager] is not eligible for getting processed by all BeanPostProcessors (for example: not eligible for auto-proxying)
2020-05-12 19:40:54.343  INFO 17848 --- [restartedMain] trationDelegate$BeanPostProcessorChecker : Bean 'shiroDbRealm' of type [com.yuyiyun.YYdata.core.shiro.ShiroDbRealm] is not eligible for getting processed by all BeanPostProcessors (for example: not eligible for auto-proxying)
2020-05-12 19:40:54.343  INFO 17848 --- [restartedMain] o.a.shiro.cache.ehcache.EhCacheManager   : Cache with name 'com.yuyiyun.YYdata.core.shiro.ShiroDbRealm.authorizationCache' does not yet exist.  Creating now.
2020-05-12 19:40:54.351  INFO 17848 --- [restartedMain] o.a.shiro.cache.ehcache.EhCacheManager   : Added EhCache named [com.yuyiyun.YYdata.core.shiro.ShiroDbRealm.authorizationCache]
2020-05-12 19:40:54.352  INFO 17848 --- [restartedMain] trationDelegate$BeanPostProcessorChecker : Bean 'securityManager' of type [org.apache.shiro.web.mgt.DefaultWebSecurityManager] is not eligible for getting processed by all BeanPostProcessors (for example: not eligible for auto-proxying)
2020-05-12 19:40:54.354  INFO 17848 --- [restartedMain] trationDelegate$BeanPostProcessorChecker : Bean 'methodInvokingFactoryBean' of type [org.springframework.beans.factory.config.MethodInvokingFactoryBean] is not eligible for getting processed by all BeanPostProcessors (for example: not eligible for auto-proxying)
2020-05-12 19:40:54.366  INFO 17848 --- [restartedMain] trationDelegate$BeanPostProcessorChecker : Bean 'webConfig' of type [com.yuyiyun.YYdata.config.web.WebConfig$$EnhancerBySpringCGLIB$$bbda8d45] is not eligible for getting processed by all BeanPostProcessors (for example: not eligible for auto-proxying)
2020-05-12 19:40:54.398  INFO 17848 --- [restartedMain] trationDelegate$BeanPostProcessorChecker : Bean 'authorizationAttributeSourceAdvisor' of type [org.apache.shiro.spring.security.interceptor.AuthorizationAttributeSourceAdvisor] is not eligible for getting processed by all BeanPostProcessors (for example: not eligible for auto-proxying)
2020-05-12 19:40:54.403  INFO 17848 --- [restartedMain] trationDelegate$BeanPostProcessorChecker : Bean 'druidStatPointcut' of type [org.springframework.aop.support.JdkRegexpMethodPointcut] is not eligible for getting processed by all BeanPostProcessors (for example: not eligible for auto-proxying)
2020-05-12 19:40:54.408  INFO 17848 --- [restartedMain] trationDelegate$BeanPostProcessorChecker : Bean 'druidStatInterceptor' of type [com.alibaba.druid.support.spring.stat.DruidStatInterceptor] is not eligible for getting processed by all BeanPostProcessors (for example: not eligible for auto-proxying)
2020-05-12 19:40:54.408  INFO 17848 --- [restartedMain] trationDelegate$BeanPostProcessorChecker : Bean 'druidStatAdvisor' of type [org.springframework.aop.support.DefaultPointcutAdvisor] is not eligible for getting processed by all BeanPostProcessors (for example: not eligible for auto-proxying)
2020-05-12 19:40:54.436  INFO 17848 --- [restartedMain] trationDelegate$BeanPostProcessorChecker : Bean 'org.springframework.transaction.annotation.ProxyTransactionManagementConfiguration' of type [org.springframework.transaction.annotation.ProxyTransactionManagementConfiguration] is not eligible for getting processed by all BeanPostProcessors (for example: not eligible for auto-proxying)
2020-05-12 19:40:54.917  INFO 17848 --- [restartedMain] o.s.b.w.embedded.tomcat.TomcatWebServer  : Tomcat initialized with port(s): 8091 (http)
2020-05-12 19:40:54.927  INFO 17848 --- [restartedMain] o.apache.catalina.core.StandardService   : Starting service [Tomcat]
2020-05-12 19:40:54.927  INFO 17848 --- [restartedMain] org.apache.catalina.core.StandardEngine  : Starting Servlet engine: [Apache Tomcat/9.0.27]
2020-05-12 19:40:55.006  INFO 17848 --- [restartedMain] o.a.c.c.C.[Tomcat].[localhost].[/]       : Initializing Spring embedded WebApplicationContext
2020-05-12 19:40:55.006  INFO 17848 --- [restartedMain] o.s.web.context.ContextLoader            : Root WebApplicationContext: initialization completed in 2726 ms
2020-05-12 19:40:55.388  INFO 17848 --- [restartedMain] o.s.s.concurrent.ThreadPoolTaskExecutor  : Initializing ExecutorService 'applicationTaskExecutor'
2020-05-12 19:40:55.515  INFO 17848 --- [restartedMain] o.s.b.d.a.OptionalLiveReloadServer       : LiveReload server is running on port 35729
2020-05-12 19:40:55.907  INFO 17848 --- [restartedMain] com.alibaba.druid.pool.DruidDataSource   : {dataSource-1} inited
2020-05-12 19:40:57.515  INFO 17848 --- [restartedMain] pertySourcedRequestMappingHandlerMapping : Mapped URL path [/v2/api-docs] onto method [springfox.documentation.swagger2.web.Swagger2Controller#getDocumentation(String, HttpServletRequest)]
2020-05-12 19:40:57.710  INFO 17848 --- [restartedMain] org.quartz.impl.StdSchedulerFactory      : Using default implementation for ThreadExecutor
2020-05-12 19:40:57.723  INFO 17848 --- [restartedMain] org.quartz.core.SchedulerSignalerImpl    : Initialized Scheduler Signaller of type: class org.quartz.core.SchedulerSignalerImpl
2020-05-12 19:40:57.723  INFO 17848 --- [restartedMain] org.quartz.core.QuartzScheduler          : Quartz Scheduler v.2.3.1 created.
2020-05-12 19:40:57.724  INFO 17848 --- [restartedMain] org.quartz.simpl.RAMJobStore             : RAMJobStore initialized.
2020-05-12 19:40:57.725  INFO 17848 --- [restartedMain] org.quartz.core.QuartzScheduler          : Scheduler meta-data: Quartz Scheduler (v2.3.1) 'quartzScheduler' with instanceId 'NON_CLUSTERED'
  Scheduler class: 'org.quartz.core.QuartzScheduler' - running locally.
  NOT STARTED.
  Currently in standby mode.
  Number of jobs executed: 0
  Using thread pool 'org.quartz.simpl.SimpleThreadPool' - with 10 threads.
  Using job-store 'org.quartz.simpl.RAMJobStore' - which does not support persistence. and is not clustered.

2020-05-12 19:40:57.725  INFO 17848 --- [restartedMain] org.quartz.impl.StdSchedulerFactory      : Quartz scheduler 'quartzScheduler' initialized from an externally provided properties instance.
2020-05-12 19:40:57.725  INFO 17848 --- [restartedMain] org.quartz.impl.StdSchedulerFactory      : Quartz scheduler version: 2.3.1
2020-05-12 19:40:57.725  INFO 17848 --- [restartedMain] org.quartz.core.QuartzScheduler          : JobFactory set to: org.springframework.scheduling.quartz.SpringBeanJobFactory@628c2078
2020-05-12 19:40:57.741  INFO 17848 --- [restartedMain] o.s.s.c.ThreadPoolTaskScheduler          : Initializing ExecutorService 'taskScheduler'
2020-05-12 19:40:57.794  INFO 17848 --- [restartedMain] d.s.w.p.DocumentationPluginsBootstrapper : Context refreshed
2020-05-12 19:40:57.814  INFO 17848 --- [restartedMain] d.s.w.p.DocumentationPluginsBootstrapper : Found 1 custom documentation plugin(s)
2020-05-12 19:40:57.844  INFO 17848 --- [restartedMain] s.d.s.w.s.ApiListingReferenceScanner     : Scanning for api listing references
2020-05-12 19:40:57.920  WARN 17848 --- [restartedMain] s.d.s.w.r.p.ParameterDataTypeReader      : Trying to infer dataType java.lang.String[]
2020-05-12 19:40:57.963  WARN 17848 --- [restartedMain] s.d.s.w.r.p.ParameterDataTypeReader      : Trying to infer dataType java.lang.String[]
2020-05-12 19:40:57.964  INFO 17848 --- [restartedMain] .d.s.w.r.o.CachingOperationNameGenerator : Generating unique operation named: getValuesByApiUsingPOST_1
2020-05-12 19:40:57.999  INFO 17848 --- [restartedMain] .d.s.w.r.o.CachingOperationNameGenerator : Generating unique operation named: addByApiUsingPOST_1
2020-05-12 19:40:58.016  WARN 17848 --- [restartedMain] s.d.s.w.r.p.ParameterDataTypeReader      : Trying to infer dataType java.lang.String[]
2020-05-12 19:40:58.021  INFO 17848 --- [restartedMain] .d.s.w.r.o.CachingOperationNameGenerator : Generating unique operation named: detailByApiUsingGET_1
2020-05-12 19:40:58.032  INFO 17848 --- [restartedMain] .d.s.w.r.o.CachingOperationNameGenerator : Generating unique operation named: addByApiUsingPOST_2
2020-05-12 19:40:58.041  INFO 17848 --- [restartedMain] o.s.s.quartz.SchedulerFactoryBean        : Starting Quartz Scheduler now
2020-05-12 19:40:58.041  INFO 17848 --- [restartedMain] org.quartz.core.QuartzScheduler          : Scheduler quartzScheduler_$_NON_CLUSTERED started.
2020-05-12 19:40:58.072  INFO 17848 --- [restartedMain] o.s.b.w.embedded.tomcat.TomcatWebServer  : Tomcat started on port(s): 8091 (http) with context path ''
2020-05-12 19:40:58.074  INFO 17848 --- [restartedMain] com.yuyiyun.YYdata.YYdataApp             : Started YYdataApp in 6.269 seconds (JVM running for 6.701)
2020-05-12 19:40:58.077  INFO 17848 --- [restartedMain] com.yuyiyun.YYdata.YYdataApp             : YYdataApp is success!
2020-05-12 19:41:52.169  INFO 17848 --- [http-nio-8091-exec-2] o.a.c.c.C.[Tomcat].[localhost].[/]       : Initializing Spring DispatcherServlet 'dispatcherServlet'
2020-05-12 19:41:52.170  INFO 17848 --- [http-nio-8091-exec-2] o.s.web.servlet.DispatcherServlet        : Initializing Servlet 'dispatcherServlet'
2020-05-12 19:41:52.186  INFO 17848 --- [http-nio-8091-exec-2] o.s.web.servlet.DispatcherServlet        : Completed initialization in 16 ms
2020-05-12 19:41:52.204  INFO 17848 --- [http-nio-8091-exec-2] a.s.s.m.AbstractValidatingSessionManager : Enabling session validation scheduler...
2020-05-12 19:49:49.067  INFO 1544 --- [restartedMain] com.yuyiyun.YYdata.YYdataApp             : Starting YYdataApp on DuHao with PID 1544 (D:\work\Code\java\YunYiData\target\classes started by duhao in D:\work\Code\java\YunYiData)
2020-05-12 19:49:49.069  INFO 1544 --- [restartedMain] com.yuyiyun.YYdata.YYdataApp             : The following profiles are active: dev
2020-05-12 19:49:49.137  INFO 1544 --- [restartedMain] .e.DevToolsPropertyDefaultsPostProcessor : Devtools property defaults active! Set 'spring.devtools.add-properties' to 'false' to disable
2020-05-12 19:49:49.138  INFO 1544 --- [restartedMain] .e.DevToolsPropertyDefaultsPostProcessor : For additional web related logging consider setting the 'logging.level.web' property to 'DEBUG'
2020-05-12 19:49:50.326  INFO 1544 --- [restartedMain] trationDelegate$BeanPostProcessorChecker : Bean 'shiroConfig' of type [com.yuyiyun.YYdata.config.web.ShiroConfig$$EnhancerBySpringCGLIB$$62aea733] is not eligible for getting processed by all BeanPostProcessors (for example: not eligible for auto-proxying)
2020-05-12 19:49:50.364  INFO 1544 --- [restartedMain] trationDelegate$BeanPostProcessorChecker : Bean 'rememberMeCookie' of type [org.apache.shiro.web.servlet.SimpleCookie] is not eligible for getting processed by all BeanPostProcessors (for example: not eligible for auto-proxying)
2020-05-12 19:49:51.084  INFO 1544 --- [restartedMain] trationDelegate$BeanPostProcessorChecker : Bean 'rememberMeManager' of type [org.apache.shiro.web.mgt.CookieRememberMeManager] is not eligible for getting processed by all BeanPostProcessors (for example: not eligible for auto-proxying)
2020-05-12 19:49:51.087  INFO 1544 --- [restartedMain] trationDelegate$BeanPostProcessorChecker : Bean 'ehCacheConfig' of type [com.yuyiyun.YYdata.config.EhCacheConfig$$EnhancerBySpringCGLIB$$da3970bb] is not eligible for getting processed by all BeanPostProcessors (for example: not eligible for auto-proxying)
2020-05-12 19:49:51.091  INFO 1544 --- [restartedMain] o.s.c.ehcache.EhCacheManagerFactoryBean  : Initializing EhCache CacheManager
2020-05-12 19:49:51.216  INFO 1544 --- [restartedMain] trationDelegate$BeanPostProcessorChecker : Bean 'ehcache' of type [org.springframework.cache.ehcache.EhCacheManagerFactoryBean] is not eligible for getting processed by all BeanPostProcessors (for example: not eligible for auto-proxying)
2020-05-12 19:49:51.219  INFO 1544 --- [restartedMain] trationDelegate$BeanPostProcessorChecker : Bean 'getCacheShiroManager' of type [org.apache.shiro.cache.ehcache.EhCacheManager] is not eligible for getting processed by all BeanPostProcessors (for example: not eligible for auto-proxying)
2020-05-12 19:49:51.236  INFO 1544 --- [restartedMain] trationDelegate$BeanPostProcessorChecker : Bean 'YYdataProperties' of type [com.yuyiyun.YYdata.config.properties.YYdataProperties] is not eligible for getting processed by all BeanPostProcessors (for example: not eligible for auto-proxying)
2020-05-12 19:49:51.239  INFO 1544 --- [restartedMain] trationDelegate$BeanPostProcessorChecker : Bean 'defaultWebSessionManager' of type [org.apache.shiro.web.session.mgt.DefaultWebSessionManager] is not eligible for getting processed by all BeanPostProcessors (for example: not eligible for auto-proxying)
2020-05-12 19:49:51.249  INFO 1544 --- [restartedMain] trationDelegate$BeanPostProcessorChecker : Bean 'shiroDbRealm' of type [com.yuyiyun.YYdata.core.shiro.ShiroDbRealm] is not eligible for getting processed by all BeanPostProcessors (for example: not eligible for auto-proxying)
2020-05-12 19:49:51.250  INFO 1544 --- [restartedMain] o.a.shiro.cache.ehcache.EhCacheManager   : Cache with name 'com.yuyiyun.YYdata.core.shiro.ShiroDbRealm.authorizationCache' does not yet exist.  Creating now.
2020-05-12 19:49:51.257  INFO 1544 --- [restartedMain] o.a.shiro.cache.ehcache.EhCacheManager   : Added EhCache named [com.yuyiyun.YYdata.core.shiro.ShiroDbRealm.authorizationCache]
2020-05-12 19:49:51.259  INFO 1544 --- [restartedMain] trationDelegate$BeanPostProcessorChecker : Bean 'securityManager' of type [org.apache.shiro.web.mgt.DefaultWebSecurityManager] is not eligible for getting processed by all BeanPostProcessors (for example: not eligible for auto-proxying)
2020-05-12 19:49:51.261  INFO 1544 --- [restartedMain] trationDelegate$BeanPostProcessorChecker : Bean 'methodInvokingFactoryBean' of type [org.springframework.beans.factory.config.MethodInvokingFactoryBean] is not eligible for getting processed by all BeanPostProcessors (for example: not eligible for auto-proxying)
2020-05-12 19:49:51.273  INFO 1544 --- [restartedMain] trationDelegate$BeanPostProcessorChecker : Bean 'webConfig' of type [com.yuyiyun.YYdata.config.web.WebConfig$$EnhancerBySpringCGLIB$$690e81f6] is not eligible for getting processed by all BeanPostProcessors (for example: not eligible for auto-proxying)
2020-05-12 19:49:51.306  INFO 1544 --- [restartedMain] trationDelegate$BeanPostProcessorChecker : Bean 'authorizationAttributeSourceAdvisor' of type [org.apache.shiro.spring.security.interceptor.AuthorizationAttributeSourceAdvisor] is not eligible for getting processed by all BeanPostProcessors (for example: not eligible for auto-proxying)
2020-05-12 19:49:51.310  INFO 1544 --- [restartedMain] trationDelegate$BeanPostProcessorChecker : Bean 'druidStatPointcut' of type [org.springframework.aop.support.JdkRegexpMethodPointcut] is not eligible for getting processed by all BeanPostProcessors (for example: not eligible for auto-proxying)
2020-05-12 19:49:51.316  INFO 1544 --- [restartedMain] trationDelegate$BeanPostProcessorChecker : Bean 'druidStatInterceptor' of type [com.alibaba.druid.support.spring.stat.DruidStatInterceptor] is not eligible for getting processed by all BeanPostProcessors (for example: not eligible for auto-proxying)
2020-05-12 19:49:51.316  INFO 1544 --- [restartedMain] trationDelegate$BeanPostProcessorChecker : Bean 'druidStatAdvisor' of type [org.springframework.aop.support.DefaultPointcutAdvisor] is not eligible for getting processed by all BeanPostProcessors (for example: not eligible for auto-proxying)
2020-05-12 19:49:51.342  INFO 1544 --- [restartedMain] trationDelegate$BeanPostProcessorChecker : Bean 'org.springframework.transaction.annotation.ProxyTransactionManagementConfiguration' of type [org.springframework.transaction.annotation.ProxyTransactionManagementConfiguration] is not eligible for getting processed by all BeanPostProcessors (for example: not eligible for auto-proxying)
2020-05-12 19:49:51.833  INFO 1544 --- [restartedMain] o.s.b.w.embedded.tomcat.TomcatWebServer  : Tomcat initialized with port(s): 8091 (http)
2020-05-12 19:49:51.843  INFO 1544 --- [restartedMain] o.apache.catalina.core.StandardService   : Starting service [Tomcat]
2020-05-12 19:49:51.844  INFO 1544 --- [restartedMain] org.apache.catalina.core.StandardEngine  : Starting Servlet engine: [Apache Tomcat/9.0.27]
2020-05-12 19:49:51.924  INFO 1544 --- [restartedMain] o.a.c.c.C.[Tomcat].[localhost].[/]       : Initializing Spring embedded WebApplicationContext
2020-05-12 19:49:51.924  INFO 1544 --- [restartedMain] o.s.web.context.ContextLoader            : Root WebApplicationContext: initialization completed in 2786 ms
2020-05-12 19:49:52.318  INFO 1544 --- [restartedMain] o.s.s.concurrent.ThreadPoolTaskExecutor  : Initializing ExecutorService 'applicationTaskExecutor'
2020-05-12 19:49:52.456  INFO 1544 --- [restartedMain] o.s.b.d.a.OptionalLiveReloadServer       : LiveReload server is running on port 35729
2020-05-12 19:49:52.849  INFO 1544 --- [restartedMain] com.alibaba.druid.pool.DruidDataSource   : {dataSource-1} inited
2020-05-12 19:49:54.468  INFO 1544 --- [restartedMain] pertySourcedRequestMappingHandlerMapping : Mapped URL path [/v2/api-docs] onto method [springfox.documentation.swagger2.web.Swagger2Controller#getDocumentation(String, HttpServletRequest)]
2020-05-12 19:49:54.666  INFO 1544 --- [restartedMain] org.quartz.impl.StdSchedulerFactory      : Using default implementation for ThreadExecutor
2020-05-12 19:49:54.679  INFO 1544 --- [restartedMain] org.quartz.core.SchedulerSignalerImpl    : Initialized Scheduler Signaller of type: class org.quartz.core.SchedulerSignalerImpl
2020-05-12 19:49:54.679  INFO 1544 --- [restartedMain] org.quartz.core.QuartzScheduler          : Quartz Scheduler v.2.3.1 created.
2020-05-12 19:49:54.680  INFO 1544 --- [restartedMain] org.quartz.simpl.RAMJobStore             : RAMJobStore initialized.
2020-05-12 19:49:54.680  INFO 1544 --- [restartedMain] org.quartz.core.QuartzScheduler          : Scheduler meta-data: Quartz Scheduler (v2.3.1) 'quartzScheduler' with instanceId 'NON_CLUSTERED'
  Scheduler class: 'org.quartz.core.QuartzScheduler' - running locally.
  NOT STARTED.
  Currently in standby mode.
  Number of jobs executed: 0
  Using thread pool 'org.quartz.simpl.SimpleThreadPool' - with 10 threads.
  Using job-store 'org.quartz.simpl.RAMJobStore' - which does not support persistence. and is not clustered.

2020-05-12 19:49:54.680  INFO 1544 --- [restartedMain] org.quartz.impl.StdSchedulerFactory      : Quartz scheduler 'quartzScheduler' initialized from an externally provided properties instance.
2020-05-12 19:49:54.680  INFO 1544 --- [restartedMain] org.quartz.impl.StdSchedulerFactory      : Quartz scheduler version: 2.3.1
2020-05-12 19:49:54.681  INFO 1544 --- [restartedMain] org.quartz.core.QuartzScheduler          : JobFactory set to: org.springframework.scheduling.quartz.SpringBeanJobFactory@631338c1
2020-05-12 19:49:54.696  INFO 1544 --- [restartedMain] o.s.s.c.ThreadPoolTaskScheduler          : Initializing ExecutorService 'taskScheduler'
2020-05-12 19:49:54.746  INFO 1544 --- [restartedMain] d.s.w.p.DocumentationPluginsBootstrapper : Context refreshed
2020-05-12 19:49:54.766  INFO 1544 --- [restartedMain] d.s.w.p.DocumentationPluginsBootstrapper : Found 1 custom documentation plugin(s)
2020-05-12 19:49:54.795  INFO 1544 --- [restartedMain] s.d.s.w.s.ApiListingReferenceScanner     : Scanning for api listing references
2020-05-12 19:49:54.876  WARN 1544 --- [restartedMain] s.d.s.w.r.p.ParameterDataTypeReader      : Trying to infer dataType java.lang.String[]
2020-05-12 19:49:54.919  WARN 1544 --- [restartedMain] s.d.s.w.r.p.ParameterDataTypeReader      : Trying to infer dataType java.lang.String[]
2020-05-12 19:49:54.921  INFO 1544 --- [restartedMain] .d.s.w.r.o.CachingOperationNameGenerator : Generating unique operation named: getValuesByApiUsingPOST_1
2020-05-12 19:49:54.956  INFO 1544 --- [restartedMain] .d.s.w.r.o.CachingOperationNameGenerator : Generating unique operation named: addByApiUsingPOST_1
2020-05-12 19:49:54.972  WARN 1544 --- [restartedMain] s.d.s.w.r.p.ParameterDataTypeReader      : Trying to infer dataType java.lang.String[]
2020-05-12 19:49:54.977  INFO 1544 --- [restartedMain] .d.s.w.r.o.CachingOperationNameGenerator : Generating unique operation named: detailByApiUsingGET_1
2020-05-12 19:49:54.988  INFO 1544 --- [restartedMain] .d.s.w.r.o.CachingOperationNameGenerator : Generating unique operation named: addByApiUsingPOST_2
2020-05-12 19:49:54.995  INFO 1544 --- [restartedMain] o.s.s.quartz.SchedulerFactoryBean        : Starting Quartz Scheduler now
2020-05-12 19:49:54.996  INFO 1544 --- [restartedMain] org.quartz.core.QuartzScheduler          : Scheduler quartzScheduler_$_NON_CLUSTERED started.
2020-05-12 19:49:55.027  INFO 1544 --- [restartedMain] o.s.b.w.embedded.tomcat.TomcatWebServer  : Tomcat started on port(s): 8091 (http) with context path ''
2020-05-12 19:49:55.030  INFO 1544 --- [restartedMain] com.yuyiyun.YYdata.YYdataApp             : Started YYdataApp in 6.36 seconds (JVM running for 6.795)
2020-05-12 19:49:55.033  INFO 1544 --- [restartedMain] com.yuyiyun.YYdata.YYdataApp             : YYdataApp is success!
2020-05-12 19:49:59.592  INFO 1544 --- [http-nio-8091-exec-2] o.a.c.c.C.[Tomcat].[localhost].[/]       : Initializing Spring DispatcherServlet 'dispatcherServlet'
2020-05-12 19:49:59.592  INFO 1544 --- [http-nio-8091-exec-2] o.s.web.servlet.DispatcherServlet        : Initializing Servlet 'dispatcherServlet'
2020-05-12 19:49:59.610  INFO 1544 --- [http-nio-8091-exec-2] o.s.web.servlet.DispatcherServlet        : Completed initialization in 18 ms
2020-05-12 19:49:59.625  INFO 1544 --- [http-nio-8091-exec-2] a.s.s.m.AbstractValidatingSessionManager : Enabling session validation scheduler...
2020-05-12 19:52:42.644  INFO 15416 --- [restartedMain] com.yuyiyun.YYdata.YYdataApp             : Starting YYdataApp on DuHao with PID 15416 (D:\work\Code\java\YunYiData\target\classes started by duhao in D:\work\Code\java\YunYiData)
2020-05-12 19:52:42.646  INFO 15416 --- [restartedMain] com.yuyiyun.YYdata.YYdataApp             : The following profiles are active: dev
2020-05-12 19:52:42.692  INFO 15416 --- [restartedMain] .e.DevToolsPropertyDefaultsPostProcessor : Devtools property defaults active! Set 'spring.devtools.add-properties' to 'false' to disable
2020-05-12 19:52:42.692  INFO 15416 --- [restartedMain] .e.DevToolsPropertyDefaultsPostProcessor : For additional web related logging consider setting the 'logging.level.web' property to 'DEBUG'
2020-05-12 19:52:43.856  INFO 15416 --- [restartedMain] trationDelegate$BeanPostProcessorChecker : Bean 'shiroConfig' of type [com.yuyiyun.YYdata.config.web.ShiroConfig$$EnhancerBySpringCGLIB$$fe1103c2] is not eligible for getting processed by all BeanPostProcessors (for example: not eligible for auto-proxying)
2020-05-12 19:52:43.894  INFO 15416 --- [restartedMain] trationDelegate$BeanPostProcessorChecker : Bean 'rememberMeCookie' of type [org.apache.shiro.web.servlet.SimpleCookie] is not eligible for getting processed by all BeanPostProcessors (for example: not eligible for auto-proxying)
2020-05-12 19:52:44.455  INFO 15416 --- [restartedMain] trationDelegate$BeanPostProcessorChecker : Bean 'rememberMeManager' of type [org.apache.shiro.web.mgt.CookieRememberMeManager] is not eligible for getting processed by all BeanPostProcessors (for example: not eligible for auto-proxying)
2020-05-12 19:52:44.458  INFO 15416 --- [restartedMain] trationDelegate$BeanPostProcessorChecker : Bean 'ehCacheConfig' of type [com.yuyiyun.YYdata.config.EhCacheConfig$$EnhancerBySpringCGLIB$$759bcd4a] is not eligible for getting processed by all BeanPostProcessors (for example: not eligible for auto-proxying)
2020-05-12 19:52:44.461  INFO 15416 --- [restartedMain] o.s.c.ehcache.EhCacheManagerFactoryBean  : Initializing EhCache CacheManager
2020-05-12 19:52:44.579  INFO 15416 --- [restartedMain] trationDelegate$BeanPostProcessorChecker : Bean 'ehcache' of type [org.springframework.cache.ehcache.EhCacheManagerFactoryBean] is not eligible for getting processed by all BeanPostProcessors (for example: not eligible for auto-proxying)
2020-05-12 19:52:44.582  INFO 15416 --- [restartedMain] trationDelegate$BeanPostProcessorChecker : Bean 'getCacheShiroManager' of type [org.apache.shiro.cache.ehcache.EhCacheManager] is not eligible for getting processed by all BeanPostProcessors (for example: not eligible for auto-proxying)
2020-05-12 19:52:44.598  INFO 15416 --- [restartedMain] trationDelegate$BeanPostProcessorChecker : Bean 'YYdataProperties' of type [com.yuyiyun.YYdata.config.properties.YYdataProperties] is not eligible for getting processed by all BeanPostProcessors (for example: not eligible for auto-proxying)
2020-05-12 19:52:44.600  INFO 15416 --- [restartedMain] trationDelegate$BeanPostProcessorChecker : Bean 'defaultWebSessionManager' of type [org.apache.shiro.web.session.mgt.DefaultWebSessionManager] is not eligible for getting processed by all BeanPostProcessors (for example: not eligible for auto-proxying)
2020-05-12 19:52:44.610  INFO 15416 --- [restartedMain] trationDelegate$BeanPostProcessorChecker : Bean 'shiroDbRealm' of type [com.yuyiyun.YYdata.core.shiro.ShiroDbRealm] is not eligible for getting processed by all BeanPostProcessors (for example: not eligible for auto-proxying)
2020-05-12 19:52:44.610  INFO 15416 --- [restartedMain] o.a.shiro.cache.ehcache.EhCacheManager   : Cache with name 'com.yuyiyun.YYdata.core.shiro.ShiroDbRealm.authorizationCache' does not yet exist.  Creating now.
2020-05-12 19:52:44.618  INFO 15416 --- [restartedMain] o.a.shiro.cache.ehcache.EhCacheManager   : Added EhCache named [com.yuyiyun.YYdata.core.shiro.ShiroDbRealm.authorizationCache]
2020-05-12 19:52:44.619  INFO 15416 --- [restartedMain] trationDelegate$BeanPostProcessorChecker : Bean 'securityManager' of type [org.apache.shiro.web.mgt.DefaultWebSecurityManager] is not eligible for getting processed by all BeanPostProcessors (for example: not eligible for auto-proxying)
2020-05-12 19:52:44.621  INFO 15416 --- [restartedMain] trationDelegate$BeanPostProcessorChecker : Bean 'methodInvokingFactoryBean' of type [org.springframework.beans.factory.config.MethodInvokingFactoryBean] is not eligible for getting processed by all BeanPostProcessors (for example: not eligible for auto-proxying)
2020-05-12 19:52:44.632  INFO 15416 --- [restartedMain] trationDelegate$BeanPostProcessorChecker : Bean 'webConfig' of type [com.yuyiyun.YYdata.config.web.WebConfig$$EnhancerBySpringCGLIB$$470de85] is not eligible for getting processed by all BeanPostProcessors (for example: not eligible for auto-proxying)
2020-05-12 19:52:44.665  INFO 15416 --- [restartedMain] trationDelegate$BeanPostProcessorChecker : Bean 'authorizationAttributeSourceAdvisor' of type [org.apache.shiro.spring.security.interceptor.AuthorizationAttributeSourceAdvisor] is not eligible for getting processed by all BeanPostProcessors (for example: not eligible for auto-proxying)
2020-05-12 19:52:44.669  INFO 15416 --- [restartedMain] trationDelegate$BeanPostProcessorChecker : Bean 'druidStatPointcut' of type [org.springframework.aop.support.JdkRegexpMethodPointcut] is not eligible for getting processed by all BeanPostProcessors (for example: not eligible for auto-proxying)
2020-05-12 19:52:44.674  INFO 15416 --- [restartedMain] trationDelegate$BeanPostProcessorChecker : Bean 'druidStatInterceptor' of type [com.alibaba.druid.support.spring.stat.DruidStatInterceptor] is not eligible for getting processed by all BeanPostProcessors (for example: not eligible for auto-proxying)
2020-05-12 19:52:44.674  INFO 15416 --- [restartedMain] trationDelegate$BeanPostProcessorChecker : Bean 'druidStatAdvisor' of type [org.springframework.aop.support.DefaultPointcutAdvisor] is not eligible for getting processed by all BeanPostProcessors (for example: not eligible for auto-proxying)
2020-05-12 19:52:44.702  INFO 15416 --- [restartedMain] trationDelegate$BeanPostProcessorChecker : Bean 'org.springframework.transaction.annotation.ProxyTransactionManagementConfiguration' of type [org.springframework.transaction.annotation.ProxyTransactionManagementConfiguration] is not eligible for getting processed by all BeanPostProcessors (for example: not eligible for auto-proxying)
2020-05-12 19:52:45.176  INFO 15416 --- [restartedMain] o.s.b.w.embedded.tomcat.TomcatWebServer  : Tomcat initialized with port(s): 8091 (http)
2020-05-12 19:52:45.185  INFO 15416 --- [restartedMain] o.apache.catalina.core.StandardService   : Starting service [Tomcat]
2020-05-12 19:52:45.185  INFO 15416 --- [restartedMain] org.apache.catalina.core.StandardEngine  : Starting Servlet engine: [Apache Tomcat/9.0.27]
2020-05-12 19:52:45.265  INFO 15416 --- [restartedMain] o.a.c.c.C.[Tomcat].[localhost].[/]       : Initializing Spring embedded WebApplicationContext
2020-05-12 19:52:45.265  INFO 15416 --- [restartedMain] o.s.web.context.ContextLoader            : Root WebApplicationContext: initialization completed in 2573 ms
2020-05-12 19:52:45.651  INFO 15416 --- [restartedMain] o.s.s.concurrent.ThreadPoolTaskExecutor  : Initializing ExecutorService 'applicationTaskExecutor'
2020-05-12 19:52:45.775  INFO 15416 --- [restartedMain] o.s.b.d.a.OptionalLiveReloadServer       : LiveReload server is running on port 35729
2020-05-12 19:52:46.146  INFO 15416 --- [restartedMain] com.alibaba.druid.pool.DruidDataSource   : {dataSource-1} inited
2020-05-12 19:52:47.805  INFO 15416 --- [restartedMain] pertySourcedRequestMappingHandlerMapping : Mapped URL path [/v2/api-docs] onto method [springfox.documentation.swagger2.web.Swagger2Controller#getDocumentation(String, HttpServletRequest)]
2020-05-12 19:52:48.039  INFO 15416 --- [restartedMain] org.quartz.impl.StdSchedulerFactory      : Using default implementation for ThreadExecutor
2020-05-12 19:52:48.053  INFO 15416 --- [restartedMain] org.quartz.core.SchedulerSignalerImpl    : Initialized Scheduler Signaller of type: class org.quartz.core.SchedulerSignalerImpl
2020-05-12 19:52:48.053  INFO 15416 --- [restartedMain] org.quartz.core.QuartzScheduler          : Quartz Scheduler v.2.3.1 created.
2020-05-12 19:52:48.054  INFO 15416 --- [restartedMain] org.quartz.simpl.RAMJobStore             : RAMJobStore initialized.
2020-05-12 19:52:48.055  INFO 15416 --- [restartedMain] org.quartz.core.QuartzScheduler          : Scheduler meta-data: Quartz Scheduler (v2.3.1) 'quartzScheduler' with instanceId 'NON_CLUSTERED'
  Scheduler class: 'org.quartz.core.QuartzScheduler' - running locally.
  NOT STARTED.
  Currently in standby mode.
  Number of jobs executed: 0
  Using thread pool 'org.quartz.simpl.SimpleThreadPool' - with 10 threads.
  Using job-store 'org.quartz.simpl.RAMJobStore' - which does not support persistence. and is not clustered.

2020-05-12 19:52:48.055  INFO 15416 --- [restartedMain] org.quartz.impl.StdSchedulerFactory      : Quartz scheduler 'quartzScheduler' initialized from an externally provided properties instance.
2020-05-12 19:52:48.055  INFO 15416 --- [restartedMain] org.quartz.impl.StdSchedulerFactory      : Quartz scheduler version: 2.3.1
2020-05-12 19:52:48.055  INFO 15416 --- [restartedMain] org.quartz.core.QuartzScheduler          : JobFactory set to: org.springframework.scheduling.quartz.SpringBeanJobFactory@6e983b0f
2020-05-12 19:52:48.071  INFO 15416 --- [restartedMain] o.s.s.c.ThreadPoolTaskScheduler          : Initializing ExecutorService 'taskScheduler'
2020-05-12 19:52:48.121  INFO 15416 --- [restartedMain] d.s.w.p.DocumentationPluginsBootstrapper : Context refreshed
2020-05-12 19:52:48.143  INFO 15416 --- [restartedMain] d.s.w.p.DocumentationPluginsBootstrapper : Found 1 custom documentation plugin(s)
2020-05-12 19:52:48.175  INFO 15416 --- [restartedMain] s.d.s.w.s.ApiListingReferenceScanner     : Scanning for api listing references
2020-05-12 19:52:48.256  WARN 15416 --- [restartedMain] s.d.s.w.r.p.ParameterDataTypeReader      : Trying to infer dataType java.lang.String[]
2020-05-12 19:52:48.300  WARN 15416 --- [restartedMain] s.d.s.w.r.p.ParameterDataTypeReader      : Trying to infer dataType java.lang.String[]
2020-05-12 19:52:48.302  INFO 15416 --- [restartedMain] .d.s.w.r.o.CachingOperationNameGenerator : Generating unique operation named: getValuesByApiUsingPOST_1
2020-05-12 19:52:48.339  INFO 15416 --- [restartedMain] .d.s.w.r.o.CachingOperationNameGenerator : Generating unique operation named: addByApiUsingPOST_1
2020-05-12 19:52:48.355  WARN 15416 --- [restartedMain] s.d.s.w.r.p.ParameterDataTypeReader      : Trying to infer dataType java.lang.String[]
2020-05-12 19:52:48.360  INFO 15416 --- [restartedMain] .d.s.w.r.o.CachingOperationNameGenerator : Generating unique operation named: detailByApiUsingGET_1
2020-05-12 19:52:48.371  INFO 15416 --- [restartedMain] .d.s.w.r.o.CachingOperationNameGenerator : Generating unique operation named: addByApiUsingPOST_2
2020-05-12 19:52:48.379  INFO 15416 --- [restartedMain] o.s.s.quartz.SchedulerFactoryBean        : Starting Quartz Scheduler now
2020-05-12 19:52:48.379  INFO 15416 --- [restartedMain] org.quartz.core.QuartzScheduler          : Scheduler quartzScheduler_$_NON_CLUSTERED started.
2020-05-12 19:52:48.409  INFO 15416 --- [restartedMain] o.s.b.w.embedded.tomcat.TomcatWebServer  : Tomcat started on port(s): 8091 (http) with context path ''
2020-05-12 19:52:48.412  INFO 15416 --- [restartedMain] com.yuyiyun.YYdata.YYdataApp             : Started YYdataApp in 6.193 seconds (JVM running for 6.626)
2020-05-12 19:52:48.414  INFO 15416 --- [restartedMain] com.yuyiyun.YYdata.YYdataApp             : YYdataApp is success!
2020-05-12 19:52:52.351  INFO 15416 --- [http-nio-8091-exec-1] o.a.c.c.C.[Tomcat].[localhost].[/]       : Initializing Spring DispatcherServlet 'dispatcherServlet'
2020-05-12 19:52:52.351  INFO 15416 --- [http-nio-8091-exec-1] o.s.web.servlet.DispatcherServlet        : Initializing Servlet 'dispatcherServlet'
2020-05-12 19:52:52.367  INFO 15416 --- [http-nio-8091-exec-1] o.s.web.servlet.DispatcherServlet        : Completed initialization in 16 ms
2020-05-12 19:52:52.384  INFO 15416 --- [http-nio-8091-exec-1] a.s.s.m.AbstractValidatingSessionManager : Enabling session validation scheduler...
