2020-04-03 09:19:38.383  INFO 4252 --- [restartedMain] com.yuyiyun.YYdata.YYdataApp             : Starting YYdataApp on DuHao with PID 4252 (D:\work\Code\java\YunYiData\target\classes started by duhao in D:\work\Code\java\YunYiData)
2020-04-03 09:19:38.386  INFO 4252 --- [restartedMain] com.yuyiyun.YYdata.YYdataApp             : The following profiles are active: dev
2020-04-03 09:19:38.457  INFO 4252 --- [restartedMain] .e.DevToolsPropertyDefaultsPostProcessor : Devtools property defaults active! Set 'spring.devtools.add-properties' to 'false' to disable
2020-04-03 09:19:38.458  INFO 4252 --- [restartedMain] .e.DevToolsPropertyDefaultsPostProcessor : For additional web related logging consider setting the 'logging.level.web' property to 'DEBUG'
2020-04-03 09:19:39.670  INFO 4252 --- [restartedMain] trationDelegate$BeanPostProcessorChecker : Bean 'shiroConfig' of type [com.yuyiyun.YYdata.config.web.ShiroConfig$$EnhancerBySpringCGLIB$$3f70a58f] is not eligible for getting processed by all BeanPostProcessors (for example: not eligible for auto-proxying)
2020-04-03 09:19:39.714  INFO 4252 --- [restartedMain] trationDelegate$BeanPostProcessorChecker : Bean 'rememberMeCookie' of type [org.apache.shiro.web.servlet.SimpleCookie] is not eligible for getting processed by all BeanPostProcessors (for example: not eligible for auto-proxying)
2020-04-03 09:19:40.332  INFO 4252 --- [restartedMain] trationDelegate$BeanPostProcessorChecker : Bean 'rememberMeManager' of type [org.apache.shiro.web.mgt.CookieRememberMeManager] is not eligible for getting processed by all BeanPostProcessors (for example: not eligible for auto-proxying)
2020-04-03 09:19:40.335  INFO 4252 --- [restartedMain] trationDelegate$BeanPostProcessorChecker : Bean 'ehCacheConfig' of type [com.yuyiyun.YYdata.config.EhCacheConfig$$EnhancerBySpringCGLIB$$b6fb6f17] is not eligible for getting processed by all BeanPostProcessors (for example: not eligible for auto-proxying)
2020-04-03 09:19:40.338  INFO 4252 --- [restartedMain] o.s.c.ehcache.EhCacheManagerFactoryBean  : Initializing EhCache CacheManager
2020-04-03 09:19:40.462  INFO 4252 --- [restartedMain] trationDelegate$BeanPostProcessorChecker : Bean 'ehcache' of type [org.springframework.cache.ehcache.EhCacheManagerFactoryBean] is not eligible for getting processed by all BeanPostProcessors (for example: not eligible for auto-proxying)
2020-04-03 09:19:40.464  INFO 4252 --- [restartedMain] trationDelegate$BeanPostProcessorChecker : Bean 'getCacheShiroManager' of type [org.apache.shiro.cache.ehcache.EhCacheManager] is not eligible for getting processed by all BeanPostProcessors (for example: not eligible for auto-proxying)
2020-04-03 09:19:40.480  INFO 4252 --- [restartedMain] trationDelegate$BeanPostProcessorChecker : Bean 'YYdataProperties' of type [com.yuyiyun.YYdata.config.properties.YYdataProperties] is not eligible for getting processed by all BeanPostProcessors (for example: not eligible for auto-proxying)
2020-04-03 09:19:40.483  INFO 4252 --- [restartedMain] trationDelegate$BeanPostProcessorChecker : Bean 'defaultWebSessionManager' of type [org.apache.shiro.web.session.mgt.DefaultWebSessionManager] is not eligible for getting processed by all BeanPostProcessors (for example: not eligible for auto-proxying)
2020-04-03 09:19:40.491  INFO 4252 --- [restartedMain] trationDelegate$BeanPostProcessorChecker : Bean 'shiroDbRealm' of type [com.yuyiyun.YYdata.core.shiro.ShiroDbRealm] is not eligible for getting processed by all BeanPostProcessors (for example: not eligible for auto-proxying)
2020-04-03 09:19:40.492  INFO 4252 --- [restartedMain] o.a.shiro.cache.ehcache.EhCacheManager   : Cache with name 'com.yuyiyun.YYdata.core.shiro.ShiroDbRealm.authorizationCache' does not yet exist.  Creating now.
2020-04-03 09:19:40.500  INFO 4252 --- [restartedMain] o.a.shiro.cache.ehcache.EhCacheManager   : Added EhCache named [com.yuyiyun.YYdata.core.shiro.ShiroDbRealm.authorizationCache]
2020-04-03 09:19:40.502  INFO 4252 --- [restartedMain] trationDelegate$BeanPostProcessorChecker : Bean 'securityManager' of type [org.apache.shiro.web.mgt.DefaultWebSecurityManager] is not eligible for getting processed by all BeanPostProcessors (for example: not eligible for auto-proxying)
2020-04-03 09:19:40.504  INFO 4252 --- [restartedMain] trationDelegate$BeanPostProcessorChecker : Bean 'methodInvokingFactoryBean' of type [org.springframework.beans.factory.config.MethodInvokingFactoryBean] is not eligible for getting processed by all BeanPostProcessors (for example: not eligible for auto-proxying)
2020-04-03 09:19:40.515  INFO 4252 --- [restartedMain] trationDelegate$BeanPostProcessorChecker : Bean 'webConfig' of type [com.yuyiyun.YYdata.config.web.WebConfig$$EnhancerBySpringCGLIB$$45d08052] is not eligible for getting processed by all BeanPostProcessors (for example: not eligible for auto-proxying)
2020-04-03 09:19:40.545  INFO 4252 --- [restartedMain] trationDelegate$BeanPostProcessorChecker : Bean 'authorizationAttributeSourceAdvisor' of type [org.apache.shiro.spring.security.interceptor.AuthorizationAttributeSourceAdvisor] is not eligible for getting processed by all BeanPostProcessors (for example: not eligible for auto-proxying)
2020-04-03 09:19:40.549  INFO 4252 --- [restartedMain] trationDelegate$BeanPostProcessorChecker : Bean 'druidStatPointcut' of type [org.springframework.aop.support.JdkRegexpMethodPointcut] is not eligible for getting processed by all BeanPostProcessors (for example: not eligible for auto-proxying)
2020-04-03 09:19:40.553  INFO 4252 --- [restartedMain] trationDelegate$BeanPostProcessorChecker : Bean 'druidStatInterceptor' of type [com.alibaba.druid.support.spring.stat.DruidStatInterceptor] is not eligible for getting processed by all BeanPostProcessors (for example: not eligible for auto-proxying)
2020-04-03 09:19:40.554  INFO 4252 --- [restartedMain] trationDelegate$BeanPostProcessorChecker : Bean 'druidStatAdvisor' of type [org.springframework.aop.support.DefaultPointcutAdvisor] is not eligible for getting processed by all BeanPostProcessors (for example: not eligible for auto-proxying)
2020-04-03 09:19:40.579  INFO 4252 --- [restartedMain] trationDelegate$BeanPostProcessorChecker : Bean 'org.springframework.transaction.annotation.ProxyTransactionManagementConfiguration' of type [org.springframework.transaction.annotation.ProxyTransactionManagementConfiguration] is not eligible for getting processed by all BeanPostProcessors (for example: not eligible for auto-proxying)
2020-04-03 09:19:41.061  INFO 4252 --- [restartedMain] o.s.b.w.embedded.tomcat.TomcatWebServer  : Tomcat initialized with port(s): 8091 (http)
2020-04-03 09:19:41.071  INFO 4252 --- [restartedMain] o.apache.catalina.core.StandardService   : Starting service [Tomcat]
2020-04-03 09:19:41.071  INFO 4252 --- [restartedMain] org.apache.catalina.core.StandardEngine  : Starting Servlet engine: [Apache Tomcat/9.0.27]
2020-04-03 09:19:41.152  INFO 4252 --- [restartedMain] o.a.c.c.C.[Tomcat].[localhost].[/]       : Initializing Spring embedded WebApplicationContext
2020-04-03 09:19:41.153  INFO 4252 --- [restartedMain] o.s.web.context.ContextLoader            : Root WebApplicationContext: initialization completed in 2695 ms
2020-04-03 09:19:41.536  INFO 4252 --- [restartedMain] o.s.s.concurrent.ThreadPoolTaskExecutor  : Initializing ExecutorService 'applicationTaskExecutor'
2020-04-03 09:19:41.667  INFO 4252 --- [restartedMain] o.s.b.d.a.OptionalLiveReloadServer       : LiveReload server is running on port 35729
2020-04-03 09:19:42.071  INFO 4252 --- [restartedMain] com.alibaba.druid.pool.DruidDataSource   : {dataSource-1} inited
2020-04-03 09:19:43.598  INFO 4252 --- [restartedMain] pertySourcedRequestMappingHandlerMapping : Mapped URL path [/v2/api-docs] onto method [springfox.documentation.swagger2.web.Swagger2Controller#getDocumentation(String, HttpServletRequest)]
2020-04-03 09:19:43.799  INFO 4252 --- [restartedMain] org.quartz.impl.StdSchedulerFactory      : Using default implementation for ThreadExecutor
2020-04-03 09:19:43.812  INFO 4252 --- [restartedMain] org.quartz.core.SchedulerSignalerImpl    : Initialized Scheduler Signaller of type: class org.quartz.core.SchedulerSignalerImpl
2020-04-03 09:19:43.813  INFO 4252 --- [restartedMain] org.quartz.core.QuartzScheduler          : Quartz Scheduler v.2.3.1 created.
2020-04-03 09:19:43.813  INFO 4252 --- [restartedMain] org.quartz.simpl.RAMJobStore             : RAMJobStore initialized.
2020-04-03 09:19:43.814  INFO 4252 --- [restartedMain] org.quartz.core.QuartzScheduler          : Scheduler meta-data: Quartz Scheduler (v2.3.1) 'quartzScheduler' with instanceId 'NON_CLUSTERED'
  Scheduler class: 'org.quartz.core.QuartzScheduler' - running locally.
  NOT STARTED.
  Currently in standby mode.
  Number of jobs executed: 0
  Using thread pool 'org.quartz.simpl.SimpleThreadPool' - with 10 threads.
  Using job-store 'org.quartz.simpl.RAMJobStore' - which does not support persistence. and is not clustered.

2020-04-03 09:19:43.814  INFO 4252 --- [restartedMain] org.quartz.impl.StdSchedulerFactory      : Quartz scheduler 'quartzScheduler' initialized from an externally provided properties instance.
2020-04-03 09:19:43.814  INFO 4252 --- [restartedMain] org.quartz.impl.StdSchedulerFactory      : Quartz scheduler version: 2.3.1
2020-04-03 09:19:43.814  INFO 4252 --- [restartedMain] org.quartz.core.QuartzScheduler          : JobFactory set to: org.springframework.scheduling.quartz.SpringBeanJobFactory@21ceaf03
2020-04-03 09:19:43.831  INFO 4252 --- [restartedMain] o.s.s.c.ThreadPoolTaskScheduler          : Initializing ExecutorService 'taskScheduler'
2020-04-03 09:19:43.879  INFO 4252 --- [restartedMain] d.s.w.p.DocumentationPluginsBootstrapper : Context refreshed
2020-04-03 09:19:43.899  INFO 4252 --- [restartedMain] d.s.w.p.DocumentationPluginsBootstrapper : Found 1 custom documentation plugin(s)
2020-04-03 09:19:43.929  INFO 4252 --- [restartedMain] s.d.s.w.s.ApiListingReferenceScanner     : Scanning for api listing references
2020-04-03 09:19:44.002  WARN 4252 --- [restartedMain] s.d.s.w.r.p.ParameterDataTypeReader      : Trying to infer dataType java.lang.String[]
2020-04-03 09:19:44.035  WARN 4252 --- [restartedMain] s.d.s.w.r.p.ParameterDataTypeReader      : Trying to infer dataType java.lang.String[]
2020-04-03 09:19:44.037  INFO 4252 --- [restartedMain] .d.s.w.r.o.CachingOperationNameGenerator : Generating unique operation named: getValuesByApiUsingPOST_1
2020-04-03 09:19:44.067  INFO 4252 --- [restartedMain] .d.s.w.r.o.CachingOperationNameGenerator : Generating unique operation named: addByApiUsingPOST_1
2020-04-03 09:19:44.074  INFO 4252 --- [restartedMain] .d.s.w.r.o.CachingOperationNameGenerator : Generating unique operation named: addByApiUsingPOST_2
2020-04-03 09:19:44.076  INFO 4252 --- [restartedMain] .d.s.w.r.o.CachingOperationNameGenerator : Generating unique operation named: addByApiUsingPOST_3
2020-04-03 09:19:44.084  INFO 4252 --- [restartedMain] .d.s.w.r.o.CachingOperationNameGenerator : Generating unique operation named: isExistByApiUsingPOST_1
2020-04-03 09:19:44.089  INFO 4252 --- [restartedMain] .d.s.w.r.o.CachingOperationNameGenerator : Generating unique operation named: detailByApiUsingGET_1
2020-04-03 09:19:44.093  WARN 4252 --- [restartedMain] s.d.s.w.r.p.ParameterDataTypeReader      : Trying to infer dataType java.lang.String[]
2020-04-03 09:19:44.095  WARN 4252 --- [restartedMain] s.d.s.w.r.p.ParameterDataTypeReader      : Trying to infer dataType java.lang.String[]
2020-04-03 09:19:44.097  INFO 4252 --- [restartedMain] .d.s.w.r.o.CachingOperationNameGenerator : Generating unique operation named: getEQsByApiUsingPOST_1
2020-04-03 09:19:44.100  INFO 4252 --- [restartedMain] .d.s.w.r.o.CachingOperationNameGenerator : Generating unique operation named: detailByApiUsingGET_2
2020-04-03 09:19:44.103  INFO 4252 --- [restartedMain] .d.s.w.r.o.CachingOperationNameGenerator : Generating unique operation named: detailByApiUsingGET_3
2020-04-03 09:19:44.115  INFO 4252 --- [restartedMain] .d.s.w.r.o.CachingOperationNameGenerator : Generating unique operation named: addByApiUsingPOST_4
2020-04-03 09:19:44.117  INFO 4252 --- [restartedMain] .d.s.w.r.o.CachingOperationNameGenerator : Generating unique operation named: addByApiUsingPOST_5
2020-04-03 09:19:44.125  INFO 4252 --- [restartedMain] o.s.s.quartz.SchedulerFactoryBean        : Starting Quartz Scheduler now
2020-04-03 09:19:44.125  INFO 4252 --- [restartedMain] org.quartz.core.QuartzScheduler          : Scheduler quartzScheduler_$_NON_CLUSTERED started.
2020-04-03 09:19:44.156  INFO 4252 --- [restartedMain] o.s.b.w.embedded.tomcat.TomcatWebServer  : Tomcat started on port(s): 8091 (http) with context path ''
2020-04-03 09:19:44.159  INFO 4252 --- [restartedMain] com.yuyiyun.YYdata.YYdataApp             : Started YYdataApp in 6.204 seconds (JVM running for 6.646)
2020-04-03 09:19:44.161  INFO 4252 --- [restartedMain] com.yuyiyun.YYdata.YYdataApp             : YYdataApp is success!
2020-04-03 09:19:57.278  INFO 4252 --- [http-nio-8091-exec-1] o.a.c.c.C.[Tomcat].[localhost].[/]       : Initializing Spring DispatcherServlet 'dispatcherServlet'
2020-04-03 09:19:57.279  INFO 4252 --- [http-nio-8091-exec-1] o.s.web.servlet.DispatcherServlet        : Initializing Servlet 'dispatcherServlet'
2020-04-03 09:19:57.294  INFO 4252 --- [http-nio-8091-exec-1] o.s.web.servlet.DispatcherServlet        : Completed initialization in 15 ms
2020-04-03 09:19:57.309  INFO 4252 --- [http-nio-8091-exec-1] a.s.s.m.AbstractValidatingSessionManager : Enabling session validation scheduler...
