2020-05-28 15:11:22.842  INFO 14644 --- [restartedMain] com.yuyiyun.YYdata.YYdataApp             : Starting YYdataApp on PC-202004261329 with PID 14644 (D:\Work\Code\Java_YYY\YunYiData\target\classes started by Administrator in D:\Work\Code\Java_YYY\YunYiData)
2020-05-28 15:11:22.845  INFO 14644 --- [restartedMain] com.yuyiyun.YYdata.YYdataApp             : The following profiles are active: dev
2020-05-28 15:11:22.913  INFO 14644 --- [restartedMain] .e.DevToolsPropertyDefaultsPostProcessor : Devtools property defaults active! Set 'spring.devtools.add-properties' to 'false' to disable
2020-05-28 15:11:22.914  INFO 14644 --- [restartedMain] .e.DevToolsPropertyDefaultsPostProcessor : For additional web related logging consider setting the 'logging.level.web' property to 'DEBUG'
2020-05-28 15:11:23.944  INFO 14644 --- [restartedMain] trationDelegate$BeanPostProcessorChecker : Bean 'shiroConfig' of type [com.yuyiyun.YYdata.config.web.ShiroConfig$$EnhancerBySpringCGLIB$$a2126f0b] is not eligible for getting processed by all BeanPostProcessors (for example: not eligible for auto-proxying)
2020-05-28 15:11:23.980  INFO 14644 --- [restartedMain] trationDelegate$BeanPostProcessorChecker : Bean 'rememberMeCookie' of type [org.apache.shiro.web.servlet.SimpleCookie] is not eligible for getting processed by all BeanPostProcessors (for example: not eligible for auto-proxying)
2020-05-28 15:11:24.248  INFO 14644 --- [restartedMain] trationDelegate$BeanPostProcessorChecker : Bean 'rememberMeManager' of type [org.apache.shiro.web.mgt.CookieRememberMeManager] is not eligible for getting processed by all BeanPostProcessors (for example: not eligible for auto-proxying)
2020-05-28 15:11:24.249  INFO 14644 --- [restartedMain] trationDelegate$BeanPostProcessorChecker : Bean 'ehCacheConfig' of type [com.yuyiyun.YYdata.config.EhCacheConfig$$EnhancerBySpringCGLIB$$199d3893] is not eligible for getting processed by all BeanPostProcessors (for example: not eligible for auto-proxying)
2020-05-28 15:11:24.253  INFO 14644 --- [restartedMain] o.s.c.ehcache.EhCacheManagerFactoryBean  : Initializing EhCache CacheManager
2020-05-28 15:11:24.407  INFO 14644 --- [restartedMain] trationDelegate$BeanPostProcessorChecker : Bean 'ehcache' of type [org.springframework.cache.ehcache.EhCacheManagerFactoryBean] is not eligible for getting processed by all BeanPostProcessors (for example: not eligible for auto-proxying)
2020-05-28 15:11:24.409  INFO 14644 --- [restartedMain] trationDelegate$BeanPostProcessorChecker : Bean 'getCacheShiroManager' of type [org.apache.shiro.cache.ehcache.EhCacheManager] is not eligible for getting processed by all BeanPostProcessors (for example: not eligible for auto-proxying)
2020-05-28 15:11:24.423  INFO 14644 --- [restartedMain] trationDelegate$BeanPostProcessorChecker : Bean 'YYdataProperties' of type [com.yuyiyun.YYdata.config.properties.YYdataProperties] is not eligible for getting processed by all BeanPostProcessors (for example: not eligible for auto-proxying)
2020-05-28 15:11:24.426  INFO 14644 --- [restartedMain] trationDelegate$BeanPostProcessorChecker : Bean 'defaultWebSessionManager' of type [org.apache.shiro.web.session.mgt.DefaultWebSessionManager] is not eligible for getting processed by all BeanPostProcessors (for example: not eligible for auto-proxying)
2020-05-28 15:11:24.434  INFO 14644 --- [restartedMain] trationDelegate$BeanPostProcessorChecker : Bean 'shiroDbRealm' of type [com.yuyiyun.YYdata.core.shiro.ShiroDbRealm] is not eligible for getting processed by all BeanPostProcessors (for example: not eligible for auto-proxying)
2020-05-28 15:11:24.434  INFO 14644 --- [restartedMain] o.a.shiro.cache.ehcache.EhCacheManager   : Cache with name 'com.yuyiyun.YYdata.core.shiro.ShiroDbRealm.authorizationCache' does not yet exist.  Creating now.
2020-05-28 15:11:24.441  INFO 14644 --- [restartedMain] o.a.shiro.cache.ehcache.EhCacheManager   : Added EhCache named [com.yuyiyun.YYdata.core.shiro.ShiroDbRealm.authorizationCache]
2020-05-28 15:11:24.442  INFO 14644 --- [restartedMain] trationDelegate$BeanPostProcessorChecker : Bean 'securityManager' of type [org.apache.shiro.web.mgt.DefaultWebSecurityManager] is not eligible for getting processed by all BeanPostProcessors (for example: not eligible for auto-proxying)
2020-05-28 15:11:24.444  INFO 14644 --- [restartedMain] trationDelegate$BeanPostProcessorChecker : Bean 'methodInvokingFactoryBean' of type [org.springframework.beans.factory.config.MethodInvokingFactoryBean] is not eligible for getting processed by all BeanPostProcessors (for example: not eligible for auto-proxying)
2020-05-28 15:11:24.455  INFO 14644 --- [restartedMain] trationDelegate$BeanPostProcessorChecker : Bean 'webConfig' of type [com.yuyiyun.YYdata.config.web.WebConfig$$EnhancerBySpringCGLIB$$a87249ce] is not eligible for getting processed by all BeanPostProcessors (for example: not eligible for auto-proxying)
2020-05-28 15:11:24.487  INFO 14644 --- [restartedMain] trationDelegate$BeanPostProcessorChecker : Bean 'authorizationAttributeSourceAdvisor' of type [org.apache.shiro.spring.security.interceptor.AuthorizationAttributeSourceAdvisor] is not eligible for getting processed by all BeanPostProcessors (for example: not eligible for auto-proxying)
2020-05-28 15:11:24.491  INFO 14644 --- [restartedMain] trationDelegate$BeanPostProcessorChecker : Bean 'druidStatPointcut' of type [org.springframework.aop.support.JdkRegexpMethodPointcut] is not eligible for getting processed by all BeanPostProcessors (for example: not eligible for auto-proxying)
2020-05-28 15:11:24.495  INFO 14644 --- [restartedMain] trationDelegate$BeanPostProcessorChecker : Bean 'druidStatInterceptor' of type [com.alibaba.druid.support.spring.stat.DruidStatInterceptor] is not eligible for getting processed by all BeanPostProcessors (for example: not eligible for auto-proxying)
2020-05-28 15:11:24.496  INFO 14644 --- [restartedMain] trationDelegate$BeanPostProcessorChecker : Bean 'druidStatAdvisor' of type [org.springframework.aop.support.DefaultPointcutAdvisor] is not eligible for getting processed by all BeanPostProcessors (for example: not eligible for auto-proxying)
2020-05-28 15:11:24.523  INFO 14644 --- [restartedMain] trationDelegate$BeanPostProcessorChecker : Bean 'org.springframework.transaction.annotation.ProxyTransactionManagementConfiguration' of type [org.springframework.transaction.annotation.ProxyTransactionManagementConfiguration] is not eligible for getting processed by all BeanPostProcessors (for example: not eligible for auto-proxying)
2020-05-28 15:11:24.997  INFO 14644 --- [restartedMain] o.s.b.w.embedded.tomcat.TomcatWebServer  : Tomcat initialized with port(s): 8091 (http)
2020-05-28 15:11:25.005  INFO 14644 --- [restartedMain] o.apache.catalina.core.StandardService   : Starting service [Tomcat]
2020-05-28 15:11:25.006  INFO 14644 --- [restartedMain] org.apache.catalina.core.StandardEngine  : Starting Servlet engine: [Apache Tomcat/9.0.27]
2020-05-28 15:11:25.076  INFO 14644 --- [restartedMain] o.a.c.c.C.[Tomcat].[localhost].[/]       : Initializing Spring embedded WebApplicationContext
2020-05-28 15:11:25.076  INFO 14644 --- [restartedMain] o.s.web.context.ContextLoader            : Root WebApplicationContext: initialization completed in 2161 ms
2020-05-28 15:11:25.421  INFO 14644 --- [restartedMain] o.s.s.concurrent.ThreadPoolTaskExecutor  : Initializing ExecutorService 'applicationTaskExecutor'
2020-05-28 15:11:25.544  INFO 14644 --- [restartedMain] o.s.b.d.a.OptionalLiveReloadServer       : LiveReload server is running on port 35729
2020-05-28 15:11:25.953  INFO 14644 --- [restartedMain] com.alibaba.druid.pool.DruidDataSource   : {dataSource-1} inited
2020-05-28 15:11:27.589  INFO 14644 --- [restartedMain] pertySourcedRequestMappingHandlerMapping : Mapped URL path [/v2/api-docs] onto method [springfox.documentation.swagger2.web.Swagger2Controller#getDocumentation(String, HttpServletRequest)]
2020-05-28 15:11:27.788  INFO 14644 --- [restartedMain] org.quartz.impl.StdSchedulerFactory      : Using default implementation for ThreadExecutor
2020-05-28 15:11:27.800  INFO 14644 --- [restartedMain] org.quartz.core.SchedulerSignalerImpl    : Initialized Scheduler Signaller of type: class org.quartz.core.SchedulerSignalerImpl
2020-05-28 15:11:27.800  INFO 14644 --- [restartedMain] org.quartz.core.QuartzScheduler          : Quartz Scheduler v.2.3.1 created.
2020-05-28 15:11:27.800  INFO 14644 --- [restartedMain] org.quartz.simpl.RAMJobStore             : RAMJobStore initialized.
2020-05-28 15:11:27.801  INFO 14644 --- [restartedMain] org.quartz.core.QuartzScheduler          : Scheduler meta-data: Quartz Scheduler (v2.3.1) 'quartzScheduler' with instanceId 'NON_CLUSTERED'
  Scheduler class: 'org.quartz.core.QuartzScheduler' - running locally.
  NOT STARTED.
  Currently in standby mode.
  Number of jobs executed: 0
  Using thread pool 'org.quartz.simpl.SimpleThreadPool' - with 10 threads.
  Using job-store 'org.quartz.simpl.RAMJobStore' - which does not support persistence. and is not clustered.

2020-05-28 15:11:27.801  INFO 14644 --- [restartedMain] org.quartz.impl.StdSchedulerFactory      : Quartz scheduler 'quartzScheduler' initialized from an externally provided properties instance.
2020-05-28 15:11:27.801  INFO 14644 --- [restartedMain] org.quartz.impl.StdSchedulerFactory      : Quartz scheduler version: 2.3.1
2020-05-28 15:11:27.801  INFO 14644 --- [restartedMain] org.quartz.core.QuartzScheduler          : JobFactory set to: org.springframework.scheduling.quartz.SpringBeanJobFactory@12e78aba
2020-05-28 15:11:27.817  INFO 14644 --- [restartedMain] o.s.s.c.ThreadPoolTaskScheduler          : Initializing ExecutorService 'taskScheduler'
2020-05-28 15:11:27.864  INFO 14644 --- [restartedMain] d.s.w.p.DocumentationPluginsBootstrapper : Context refreshed
2020-05-28 15:11:27.883  INFO 14644 --- [restartedMain] d.s.w.p.DocumentationPluginsBootstrapper : Found 1 custom documentation plugin(s)
2020-05-28 15:11:27.909  INFO 14644 --- [restartedMain] s.d.s.w.s.ApiListingReferenceScanner     : Scanning for api listing references
2020-05-28 15:11:27.987  WARN 14644 --- [restartedMain] s.d.s.w.r.p.ParameterDataTypeReader      : Trying to infer dataType java.lang.String[]
2020-05-28 15:11:28.029  WARN 14644 --- [restartedMain] s.d.s.w.r.p.ParameterDataTypeReader      : Trying to infer dataType java.lang.String[]
2020-05-28 15:11:28.031  INFO 14644 --- [restartedMain] .d.s.w.r.o.CachingOperationNameGenerator : Generating unique operation named: getValuesByApiUsingPOST_1
2020-05-28 15:11:28.072  INFO 14644 --- [restartedMain] .d.s.w.r.o.CachingOperationNameGenerator : Generating unique operation named: addByApiUsingPOST_1
2020-05-28 15:11:28.088  WARN 14644 --- [restartedMain] s.d.s.w.r.p.ParameterDataTypeReader      : Trying to infer dataType java.lang.String[]
2020-05-28 15:11:28.092  INFO 14644 --- [restartedMain] .d.s.w.r.o.CachingOperationNameGenerator : Generating unique operation named: detailByApiUsingGET_1
2020-05-28 15:11:28.103  INFO 14644 --- [restartedMain] .d.s.w.r.o.CachingOperationNameGenerator : Generating unique operation named: addByApiUsingPOST_2
2020-05-28 15:11:28.110  INFO 14644 --- [restartedMain] o.s.s.quartz.SchedulerFactoryBean        : Starting Quartz Scheduler now
2020-05-28 15:11:28.110  INFO 14644 --- [restartedMain] org.quartz.core.QuartzScheduler          : Scheduler quartzScheduler_$_NON_CLUSTERED started.
2020-05-28 15:11:28.137  INFO 14644 --- [restartedMain] o.s.b.w.embedded.tomcat.TomcatWebServer  : Tomcat started on port(s): 8091 (http) with context path ''
2020-05-28 15:11:28.139  INFO 14644 --- [restartedMain] com.yuyiyun.YYdata.YYdataApp             : Started YYdataApp in 5.681 seconds (JVM running for 6.092)
2020-05-28 15:11:28.142  INFO 14644 --- [restartedMain] com.yuyiyun.YYdata.YYdataApp             : YYdataApp is success!
2020-05-28 15:11:50.104  INFO 14644 --- [http-nio-8091-exec-1] o.a.c.c.C.[Tomcat].[localhost].[/]       : Initializing Spring DispatcherServlet 'dispatcherServlet'
2020-05-28 15:11:50.105  INFO 14644 --- [http-nio-8091-exec-1] o.s.web.servlet.DispatcherServlet        : Initializing Servlet 'dispatcherServlet'
2020-05-28 15:11:50.116  INFO 14644 --- [http-nio-8091-exec-1] o.s.web.servlet.DispatcherServlet        : Completed initialization in 11 ms
2020-05-28 15:11:50.127  INFO 14644 --- [http-nio-8091-exec-1] a.s.s.m.AbstractValidatingSessionManager : Enabling session validation scheduler...
